2026-05-17 03:05:35,184 INFO     ============================================================
2026-05-17 03:05:35,184 INFO     Minnesota Tax-Forfeited Land Sale Checker
2026-05-17 03:05:35,185 INFO     Run date: 2026-05-17
2026-05-17 03:05:35,185 INFO     ============================================================
2026-05-17 03:05:35,187 INFO     Loaded 90 sources from CSV
2026-05-17 03:05:35,188 INFO     [1/90] Checking Aitkin...
2026-05-17 03:05:35,465 WARNING    Aitkin: http_404
2026-05-17 03:05:37,465 INFO       Checking secondary URL...
2026-05-17 03:05:37,620 INFO       Aitkin: Found 1 potential sale(s)
2026-05-17 03:05:39,621 INFO     [2/90] Checking Anoka...
2026-05-17 03:05:40,356 INFO       Anoka: Found 1 potential sale(s)
2026-05-17 03:05:42,357 INFO     [3/90] Checking Becker...
2026-05-17 03:05:42,858 INFO       Becker: Found 1 potential sale(s)
2026-05-17 03:05:44,859 INFO     [4/90] Checking Beltrami...
2026-05-17 03:05:45,028 INFO       Beltrami: Found 2 potential sale(s)
2026-05-17 03:05:47,029 INFO     [5/90] Checking Benton...
2026-05-17 03:05:47,497 INFO       Benton: Found 1 potential sale(s)
2026-05-17 03:05:49,498 INFO     [6/90] Checking Big Stone...
2026-05-17 03:05:50,853 INFO       Big Stone: Found 1 potential sale(s)
2026-05-17 03:05:52,854 INFO     [7/90] Checking Blue Earth...
2026-05-17 03:05:53,556 INFO       Blue Earth: Found 1 potential sale(s)
2026-05-17 03:05:55,557 INFO     [8/90] Checking Brown...
2026-05-17 03:05:56,038 INFO       Brown: Found 1 potential sale(s)
2026-05-17 03:05:58,039 INFO     [9/90] Checking Carlton...
2026-05-17 03:05:58,970 INFO       Carlton: Found 1 potential sale(s)
2026-05-17 03:06:00,970 INFO     [10/90] Checking Carver...
2026-05-17 03:06:01,305 DEBUG    Connection error on https://www.co.carver.mn.us/departments/property-finance/property-tax/tax-forfeiture-sale (attempt 1)
2026-05-17 03:06:03,373 DEBUG    Connection error on https://www.co.carver.mn.us/departments/property-finance/property-tax/tax-forfeiture-sale (attempt 2)
2026-05-17 03:06:07,546 DEBUG    Connection error on https://www.co.carver.mn.us/departments/property-finance/property-tax/tax-forfeiture-sale (attempt 3)
2026-05-17 03:06:07,546 WARNING    Carver: connection_error: ('Connection aborted.', ConnectionResetError(104, 'Connection reset by peer'))
2026-05-17 03:06:09,546 INFO     [11/90] Checking Cass...
2026-05-17 03:06:10,120 INFO       Cass: Found 1 potential sale(s)
2026-05-17 03:06:12,121 INFO     [12/90] Checking Chippewa...
2026-05-17 03:06:12,956 INFO       Chippewa: Found 1 potential sale(s)
2026-05-17 03:06:14,957 INFO     [13/90] Checking Chisago...
2026-05-17 03:06:15,445 INFO       Chisago: Found 1 potential sale(s)
2026-05-17 03:06:17,446 INFO     [14/90] Checking Clay...
2026-05-17 03:06:17,907 INFO       Clay: Found 1 potential sale(s)
2026-05-17 03:06:19,908 INFO     [15/90] Checking Clearwater...
2026-05-17 03:06:20,221 INFO       Clearwater: Found 1 potential sale(s)
2026-05-17 03:06:22,221 INFO     [16/90] Checking Cook...
2026-05-17 03:06:22,884 INFO       Cook: Found 1 potential sale(s)
2026-05-17 03:06:24,885 INFO     [17/90] Checking Cottonwood...
2026-05-17 03:06:25,262 WARNING    Cottonwood: http_404
2026-05-17 03:06:27,263 INFO     [18/90] Checking Crow Wing...
2026-05-17 03:06:27,997 INFO       Crow Wing: Found 1 potential sale(s)
2026-05-17 03:06:29,998 INFO     [19/90] Checking Dakota...
2026-05-17 03:06:30,584 INFO       Dakota: Found 1 potential sale(s)
2026-05-17 03:06:32,585 INFO     [20/90] Checking Dodge...
2026-05-17 03:06:38,143 INFO       Dodge: Found 1 potential sale(s)
2026-05-17 03:06:40,143 INFO     [21/90] Checking Douglas...
2026-05-17 03:06:40,298 DEBUG    Connection error on https://www.co.douglas.mn.us/tax-forfeited-land (attempt 1)
2026-05-17 03:06:42,375 DEBUG    Connection error on https://www.co.douglas.mn.us/tax-forfeited-land (attempt 2)
2026-05-17 03:06:46,435 DEBUG    Connection error on https://www.co.douglas.mn.us/tax-forfeited-land (attempt 3)
2026-05-17 03:06:46,435 WARNING    Douglas: connection_error: HTTPSConnectionPool(host='www.co.douglas.mn.us', port=443): Max retries exceeded with url: /tax-forfeited-land (Caused by NameResolutionError("HTTPSConnection(host='www.co.douglas.mn.us', port=443): Failed to resolve 'www.co.douglas.mn.us' ([Errno -2] Name or service not known)"))
2026-05-17 03:06:48,435 INFO     [22/90] Checking Faribault...
2026-05-17 03:06:48,539 WARNING    Faribault: http_403
2026-05-17 03:06:50,540 INFO     [23/90] Checking Fillmore...
2026-05-17 03:06:50,929 INFO       Fillmore: Found 1 potential sale(s)
2026-05-17 03:06:52,929 INFO     [24/90] Checking Freeborn...
2026-05-17 03:06:53,424 INFO       Freeborn: Found 1 potential sale(s)
2026-05-17 03:06:55,425 INFO     [25/90] Checking Goodhue...
2026-05-17 03:06:56,254 INFO       Goodhue: Found 1 potential sale(s)
2026-05-17 03:06:58,255 INFO     [26/90] Checking Grant...
2026-05-17 03:06:59,307 INFO       Grant: Found 1 potential sale(s)
2026-05-17 03:07:01,308 INFO     [27/90] Checking Hennepin...
2026-05-17 03:07:05,689 WARNING    Hennepin: http_404
2026-05-17 03:07:07,690 INFO     [28/90] Checking Houston...
2026-05-17 03:07:08,524 INFO       Houston: Found 1 potential sale(s)
2026-05-17 03:07:10,525 INFO     [29/90] Checking Hubbard...
2026-05-17 03:07:11,037 INFO       Hubbard: Found 1 potential sale(s)
2026-05-17 03:07:13,037 INFO     [30/90] Checking Isanti...
2026-05-17 03:07:13,603 INFO       Isanti: Found 4 potential sale(s)
2026-05-17 03:07:15,603 INFO     [31/90] Checking Itasca...
2026-05-17 03:07:16,408 INFO       Itasca: Found 1 potential sale(s)
2026-05-17 03:07:18,408 INFO       Checking secondary URL...
2026-05-17 03:07:19,121 INFO       Itasca: Found 4 potential sale(s)
2026-05-17 03:07:21,122 INFO     [32/90] Checking Jackson...
2026-05-17 03:07:21,763 INFO       Jackson: Found 1 potential sale(s)
2026-05-17 03:07:23,764 INFO     [33/90] Checking Kanabec...
2026-05-17 03:07:23,896 INFO       Kanabec: Found 4 potential sale(s)
2026-05-17 03:07:25,897 INFO     [34/90] Checking Kandiyohi...
2026-05-17 03:07:26,199 INFO       Kandiyohi: Found 1 potential sale(s)
2026-05-17 03:07:28,200 INFO     [35/90] Checking Kittson...
2026-05-17 03:07:28,584 INFO       Kittson: Found 1 potential sale(s)
2026-05-17 03:07:30,584 INFO     [36/90] Checking Koochiching...
2026-05-17 03:07:31,516 INFO       Koochiching: Found 1 potential sale(s)
2026-05-17 03:07:33,517 INFO     [37/90] Checking Lac qui Parle...
2026-05-17 03:07:34,625 INFO       Lac qui Parle: Found 1 potential sale(s)
2026-05-17 03:07:36,626 INFO     [38/90] Checking Lake...
2026-05-17 03:07:37,129 INFO       Lake: Found 1 potential sale(s)
2026-05-17 03:07:39,130 INFO     [39/90] Checking Lake of the Woods...
2026-05-17 03:07:41,639 INFO       Lake of the Woods: Found 1 potential sale(s)
2026-05-17 03:07:43,639 INFO       Checking secondary URL...
2026-05-17 03:07:45,822 INFO       Lake of the Woods: Found 1 potential sale(s)
2026-05-17 03:07:47,822 INFO     [40/90] Checking Le Sueur...
2026-05-17 03:07:48,442 INFO       Le Sueur: Found 1 potential sale(s)
2026-05-17 03:07:50,442 INFO       Checking secondary URL...
2026-05-17 03:07:51,160 INFO       Le Sueur: Found 1 potential sale(s)
2026-05-17 03:07:53,161 INFO     [41/90] Checking Lincoln...
2026-05-17 03:07:54,175 DEBUG      Lincoln: Found 4 PDF links, checking...
2026-05-17 03:08:01,177 INFO       Lincoln: No upcoming sales found
2026-05-17 03:08:03,178 INFO     [42/90] Checking Lyon...
2026-05-17 03:08:03,660 WARNING    Lyon: http_403
2026-05-17 03:08:05,661 INFO     [43/90] Checking Mahnomen...
2026-05-17 03:08:06,224 WARNING    Mahnomen: http_404
2026-05-17 03:08:08,225 INFO     [44/90] Checking Marshall...
2026-05-17 03:08:08,507 DEBUG      Marshall: Found 1 PDF links, checking...
2026-05-17 03:08:09,618 INFO       Marshall: No upcoming sales found
2026-05-17 03:08:11,619 INFO     [45/90] Checking Martin...
2026-05-17 03:08:11,777 INFO       Martin: Found 1 potential sale(s)
2026-05-17 03:08:13,778 INFO     [46/90] Checking McLeod...
2026-05-17 03:08:14,492 INFO       McLeod: Found 1 potential sale(s)
2026-05-17 03:08:16,493 INFO     [47/90] Checking Meeker...
2026-05-17 03:08:16,954 INFO       Meeker: Found 1 potential sale(s)
2026-05-17 03:08:18,955 INFO     [48/90] Checking Mille Lacs...
2026-05-17 03:08:19,428 INFO       Mille Lacs: Found 1 potential sale(s)
2026-05-17 03:08:21,428 INFO     [49/90] Checking Morrison...
2026-05-17 03:08:22,088 INFO       Morrison: Found 1 potential sale(s)
2026-05-17 03:08:24,089 INFO     [50/90] Checking Mower...
2026-05-17 03:08:24,585 INFO       Mower: Found 1 potential sale(s)
2026-05-17 03:08:26,586 INFO     [51/90] Checking Murray...
2026-05-17 03:08:26,781 WARNING    Murray: http_404
2026-05-17 03:08:28,782 INFO     [52/90] Checking Nicollet...
2026-05-17 03:08:29,662 INFO       Nicollet: Found 1 potential sale(s)
2026-05-17 03:08:31,662 INFO     [53/90] Checking Nobles...
2026-05-17 03:08:33,654 INFO       Nobles: Found 1 potential sale(s)
2026-05-17 03:08:35,655 INFO     [54/90] Checking Norman...
2026-05-17 03:08:36,299 INFO       Norman: Found 1 potential sale(s)
2026-05-17 03:08:38,299 INFO     [55/90] Checking Olmsted...
2026-05-17 03:08:38,478 INFO       Olmsted: Found 1 potential sale(s)
2026-05-17 03:08:40,479 INFO     [56/90] Checking Otter Tail...
2026-05-17 03:08:40,605 WARNING    Otter Tail: http_403
2026-05-17 03:08:42,606 INFO     [57/90] Checking Pennington...
2026-05-17 03:08:43,192 INFO       Pennington: Found 1 potential sale(s)
2026-05-17 03:08:45,193 INFO     [58/90] Checking Pine...
2026-05-17 03:08:45,828 INFO       Pine: Found 1 potential sale(s)
2026-05-17 03:08:47,829 INFO     [59/90] Checking Pipestone...
2026-05-17 03:08:48,045 DEBUG      Pipestone: Found 3 PDF links, checking...
2026-05-17 03:08:51,622 INFO       Pipestone: No upcoming sales found
2026-05-17 03:08:53,623 INFO     [60/90] Checking Polk...
2026-05-17 03:08:54,258 INFO       Polk: Found 1 potential sale(s)
2026-05-17 03:08:56,258 INFO       Checking secondary URL...
2026-05-17 03:08:56,867 INFO       Polk: Found 1 potential sale(s)
2026-05-17 03:08:58,868 INFO     [61/90] Checking Pope...
2026-05-17 03:08:59,321 INFO       Pope: Found 1 potential sale(s)
2026-05-17 03:09:01,322 INFO     [62/90] Checking Ramsey...
2026-05-17 03:09:03,809 WARNING    Ramsey: http_404
2026-05-17 03:09:05,810 INFO       Checking secondary URL...
2026-05-17 03:09:06,003 INFO       Ramsey: Found 1 potential sale(s)
2026-05-17 03:09:08,004 INFO     [63/90] Checking Red Lake...
2026-05-17 03:09:08,284 INFO       Red Lake: Page too short, flagged for manual review
2026-05-17 03:09:10,285 INFO     [64/90] Checking Redwood...
2026-05-17 03:09:10,893 INFO       Redwood: Found 2 potential sale(s)
2026-05-17 03:09:12,893 INFO     [65/90] Checking Renville...
2026-05-17 03:09:13,384 WARNING    Renville: http_404
2026-05-17 03:09:15,385 INFO     [66/90] Checking Rice...
2026-05-17 03:09:15,892 INFO       Rice: No upcoming sales found
2026-05-17 03:09:17,893 INFO     [67/90] Checking Rock...
2026-05-17 03:09:18,180 DEBUG      Rock: Found 5 PDF links, checking...
2026-05-17 03:09:27,043 INFO       Rock: No upcoming sales found
2026-05-17 03:09:29,044 INFO     [68/90] Checking Roseau...
2026-05-17 03:09:30,334 INFO       Roseau: Found 1 potential sale(s)
2026-05-17 03:09:32,334 INFO     [69/90] Checking Saint Louis...
2026-05-17 03:09:33,489 INFO       Saint Louis: Found 1 potential sale(s)
2026-05-17 03:09:35,490 INFO     [70/90] Checking Scott...
2026-05-17 03:09:35,761 WARNING    Scott: http_404
2026-05-17 03:09:37,761 INFO       Checking secondary URL...
2026-05-17 03:09:38,219 INFO       Scott: Found 1 potential sale(s)
2026-05-17 03:09:40,220 INFO     [71/90] Checking Sherburne...
2026-05-17 03:09:40,685 INFO       Sherburne: Found 1 potential sale(s)
2026-05-17 03:09:42,686 INFO     [72/90] Checking Sibley...
2026-05-17 03:09:43,299 WARNING    Sibley: http_404
2026-05-17 03:09:45,300 INFO       Checking secondary URL...
2026-05-17 03:09:45,797 INFO       Sibley: Found 1 potential sale(s)
2026-05-17 03:09:47,798 INFO     [73/90] Checking Stearns...
2026-05-17 03:09:48,139 INFO       Stearns: Found 1 potential sale(s)
2026-05-17 03:09:50,140 INFO     [74/90] Checking Steele...
2026-05-17 03:09:50,489 INFO       Steele: Found 1 potential sale(s)
2026-05-17 03:09:52,489 INFO     [75/90] Checking Stevens...
2026-05-17 03:09:53,063 INFO       Stevens: Found 1 potential sale(s)
2026-05-17 03:09:55,063 INFO     [76/90] Checking Swift...
2026-05-17 03:09:55,535 WARNING    Swift: http_404
2026-05-17 03:09:57,536 INFO     [77/90] Checking Todd...
2026-05-17 03:10:27,624 DEBUG    Timeout on https://www.co.todd.mn.us/divisions/property-records/auditor-treasurer/#1536095103838-5b7732a8-e005 (attempt 1)
2026-05-17 03:10:59,695 DEBUG    Timeout on https://www.co.todd.mn.us/divisions/property-records/auditor-treasurer/#1536095103838-5b7732a8-e005 (attempt 2)
2026-05-17 03:11:33,767 DEBUG    Timeout on https://www.co.todd.mn.us/divisions/property-records/auditor-treasurer/#1536095103838-5b7732a8-e005 (attempt 3)
2026-05-17 03:11:33,767 WARNING    Todd: timeout
2026-05-17 03:11:35,768 INFO     [78/90] Checking Traverse...
2026-05-17 03:11:36,258 DEBUG      Traverse: Found 1 PDF links, checking...
2026-05-17 03:11:37,606 INFO       Traverse: No upcoming sales found
2026-05-17 03:11:39,607 INFO     [79/90] Checking Wabasha...
2026-05-17 03:11:39,736 INFO       Wabasha: Found 1 potential sale(s)
2026-05-17 03:11:41,737 INFO     [80/90] Checking Wadena...
2026-05-17 03:11:42,172 WARNING    Wadena: http_500
2026-05-17 03:11:44,173 INFO     [81/90] Checking Waseca...
2026-05-17 03:11:59,951 WARNING    Waseca: http_500
2026-05-17 03:12:01,951 INFO     [82/90] Checking Washington...
2026-05-17 03:12:02,490 WARNING    Washington: http_500
2026-05-17 03:12:04,491 INFO     [83/90] Checking Watonwan...
2026-05-17 03:12:11,776 WARNING    Watonwan: http_500
2026-05-17 03:12:13,776 INFO     [84/90] Checking Wilkin...
2026-05-17 03:12:14,307 INFO       Wilkin: Found 1 potential sale(s)
2026-05-17 03:12:16,308 INFO     [85/90] Checking Winona...
2026-05-17 03:12:46,880 DEBUG    Timeout on https://www.co.winona.mn.us/179/Forfeited-Tax-Sales (attempt 1)
2026-05-17 03:12:49,467 WARNING    Winona: http_500
2026-05-17 03:12:51,468 INFO     [86/90] Checking Wright...
2026-05-17 03:13:07,059 WARNING    Wright: http_500
2026-05-17 03:13:09,060 INFO     [87/90] Checking Yellow Medicine...
2026-05-17 03:13:09,292 INFO       Yellow Medicine: Found 1 potential sale(s)
2026-05-17 03:13:11,292 INFO     [88/90] Checking DNR...
2026-05-17 03:13:11,415 INFO       DNR: Found 1 potential sale(s)
2026-05-17 03:13:13,415 INFO     [89/90] Checking MN DOT...
2026-05-17 03:13:13,721 INFO       MN DOT: Found 1 potential sale(s)
2026-05-17 03:13:15,722 INFO     [90/90] Checking Wisconsin...
2026-05-17 03:13:20,675 INFO       Wisconsin: No upcoming sales found
2026-05-17 03:13:22,675 INFO     ============================================================
2026-05-17 03:13:22,676 INFO     Checking complete in 7.8 minutes
2026-05-17 03:13:22,676 INFO     Found 77 unique sales (from 79 raw matches)
2026-05-17 03:13:22,678 INFO     Updated sources CSV with check dates
2026-05-17 03:13:22,679 INFO     Markdown report written to /home/runner/work/mn-tax-forfeiture-tracker/mn-tax-forfeiture-tracker/reports/weekly_report_2026-05-17.md
2026-05-17 03:13:22,679 INFO     CSV report written to /home/runner/work/mn-tax-forfeiture-tracker/mn-tax-forfeiture-tracker/reports/weekly_report_2026-05-17.csv
2026-05-17 03:13:22,680 INFO     Check log written to /home/runner/work/mn-tax-forfeiture-tracker/mn-tax-forfeiture-tracker/logs/check_log_2026-05-17.csv
2026-05-17 03:13:22,680 INFO     ============================================================
2026-05-17 03:13:22,680 INFO     SUMMARY
2026-05-17 03:13:22,680 INFO       Total sources checked: 98
2026-05-17 03:13:22,680 INFO       Unique sales found: 77
2026-05-17 03:13:22,680 INFO       error_connection_error: 2
2026-05-17 03:13:22,680 INFO       error_http_403: 3
2026-05-17 03:13:22,680 INFO       error_http_404: 10
2026-05-17 03:13:22,681 INFO       error_http_500: 6
2026-05-17 03:13:22,681 INFO       error_timeout: 1
2026-05-17 03:13:22,681 INFO       needs_manual_review: 1
2026-05-17 03:13:22,681 INFO       no_sale_found: 7
2026-05-17 03:13:22,681 INFO       sale_found: 68
2026-05-17 03:13:22,681 INFO       Elapsed time: 7.8 minutes
2026-05-17 03:13:22,681 INFO     ============================================================
