2026-05-25 17:21:54,073 INFO     ============================================================
2026-05-25 17:21:54,073 INFO     Minnesota Tax-Forfeited Land Sale Checker
2026-05-25 17:21:54,073 INFO     Run date: 2026-05-25
2026-05-25 17:21:54,073 INFO     ============================================================
2026-05-25 17:21:54,076 INFO     Loaded 90 sources from CSV
2026-05-25 17:21:54,076 INFO     [1/90] Checking Aitkin...
2026-05-25 17:21:54,616 WARNING    Aitkin: http_404
2026-05-25 17:21:56,616 INFO       Checking secondary URL...
2026-05-25 17:21:56,814 INFO       Aitkin: Found 1 potential sale(s)
2026-05-25 17:21:58,815 INFO     [2/90] Checking Anoka...
2026-05-25 17:21:59,425 INFO       Anoka: Found 1 potential sale(s)
2026-05-25 17:22:01,425 INFO     [3/90] Checking Becker...
2026-05-25 17:22:01,956 INFO       Becker: Found 1 potential sale(s)
2026-05-25 17:22:03,957 INFO     [4/90] Checking Beltrami...
2026-05-25 17:22:04,281 INFO       Beltrami: Found 1 potential sale(s)
2026-05-25 17:22:06,282 INFO     [5/90] Checking Benton...
2026-05-25 17:22:06,810 INFO       Benton: Found 1 potential sale(s)
2026-05-25 17:22:08,811 INFO     [6/90] Checking Big Stone...
2026-05-25 17:22:10,353 INFO       Big Stone: Found 1 potential sale(s)
2026-05-25 17:22:12,354 INFO     [7/90] Checking Blue Earth...
2026-05-25 17:22:12,910 INFO       Blue Earth: Found 1 potential sale(s)
2026-05-25 17:22:14,910 INFO     [8/90] Checking Brown...
2026-05-25 17:22:15,323 INFO       Brown: Found 1 potential sale(s)
2026-05-25 17:22:17,324 INFO     [9/90] Checking Carlton...
2026-05-25 17:22:17,986 INFO       Carlton: Found 1 potential sale(s)
2026-05-25 17:22:19,987 INFO     [10/90] Checking Carver...
2026-05-25 17:22:20,413 DEBUG    Connection error on https://www.co.carver.mn.us/departments/property-finance/property-tax/tax-forfeiture-sale (attempt 1)
2026-05-25 17:22:22,538 DEBUG    Connection error on https://www.co.carver.mn.us/departments/property-finance/property-tax/tax-forfeiture-sale (attempt 2)
2026-05-25 17:22:26,741 DEBUG    Connection error on https://www.co.carver.mn.us/departments/property-finance/property-tax/tax-forfeiture-sale (attempt 3)
2026-05-25 17:22:26,741 WARNING    Carver: connection_error: ('Connection aborted.', ConnectionResetError(104, 'Connection reset by peer'))
2026-05-25 17:22:28,742 INFO     [11/90] Checking Cass...
2026-05-25 17:22:29,146 INFO       Cass: Found 1 potential sale(s)
2026-05-25 17:22:31,147 INFO     [12/90] Checking Chippewa...
2026-05-25 17:22:31,870 INFO       Chippewa: Found 1 potential sale(s)
2026-05-25 17:22:33,871 INFO     [13/90] Checking Chisago...
2026-05-25 17:22:34,705 INFO       Chisago: Found 1 potential sale(s)
2026-05-25 17:22:36,705 INFO     [14/90] Checking Clay...
2026-05-25 17:22:37,169 INFO       Clay: Found 1 potential sale(s)
2026-05-25 17:22:39,170 INFO     [15/90] Checking Clearwater...
2026-05-25 17:22:39,858 INFO       Clearwater: Found 1 potential sale(s)
2026-05-25 17:22:41,859 INFO     [16/90] Checking Cook...
2026-05-25 17:22:42,466 INFO       Cook: Found 1 potential sale(s)
2026-05-25 17:22:44,467 INFO     [17/90] Checking Cottonwood...
2026-05-25 17:22:45,224 WARNING    Cottonwood: http_404
2026-05-25 17:22:47,225 INFO     [18/90] Checking Crow Wing...
2026-05-25 17:22:47,941 INFO       Crow Wing: Found 1 potential sale(s)
2026-05-25 17:22:49,942 INFO     [19/90] Checking Dakota...
2026-05-25 17:22:50,492 INFO       Dakota: Found 1 potential sale(s)
2026-05-25 17:22:52,492 INFO     [20/90] Checking Dodge...
2026-05-25 17:22:52,968 INFO       Dodge: Found 1 potential sale(s)
2026-05-25 17:22:54,969 INFO     [21/90] Checking Douglas...
2026-05-25 17:22:55,028 DEBUG    Connection error on https://www.co.douglas.mn.us/tax-forfeited-land (attempt 1)
2026-05-25 17:22:57,084 DEBUG    Connection error on https://www.co.douglas.mn.us/tax-forfeited-land (attempt 2)
2026-05-25 17:23:01,125 DEBUG    Connection error on https://www.co.douglas.mn.us/tax-forfeited-land (attempt 3)
2026-05-25 17:23:01,125 WARNING    Douglas: connection_error: HTTPSConnectionPool(host='www.co.douglas.mn.us', port=443): Max retries exceeded with url: /tax-forfeited-land (Caused by NameResolutionError("HTTPSConnection(host='www.co.douglas.mn.us', port=443): Failed to resolve 'www.co.douglas.mn.us' ([Errno -2] Name or service not known)"))
2026-05-25 17:23:03,126 INFO     [22/90] Checking Faribault...
2026-05-25 17:23:03,300 WARNING    Faribault: http_403
2026-05-25 17:23:05,301 INFO     [23/90] Checking Fillmore...
2026-05-25 17:23:05,632 INFO       Fillmore: Found 1 potential sale(s)
2026-05-25 17:23:07,633 INFO     [24/90] Checking Freeborn...
2026-05-25 17:23:08,188 INFO       Freeborn: Found 1 potential sale(s)
2026-05-25 17:23:10,189 INFO     [25/90] Checking Goodhue...
2026-05-25 17:23:11,257 INFO       Goodhue: Found 1 potential sale(s)
2026-05-25 17:23:13,258 INFO     [26/90] Checking Grant...
2026-05-25 17:23:13,647 INFO       Grant: Found 1 potential sale(s)
2026-05-25 17:23:15,648 INFO     [27/90] Checking Hennepin...
2026-05-25 17:23:20,063 WARNING    Hennepin: http_404
2026-05-25 17:23:22,064 INFO     [28/90] Checking Houston...
2026-05-25 17:23:22,774 INFO       Houston: Found 1 potential sale(s)
2026-05-25 17:23:24,775 INFO     [29/90] Checking Hubbard...
2026-05-25 17:23:25,650 INFO       Hubbard: Found 1 potential sale(s)
2026-05-25 17:23:27,651 INFO     [30/90] Checking Isanti...
2026-05-25 17:23:28,339 INFO       Isanti: Found 3 potential sale(s)
2026-05-25 17:23:30,340 INFO     [31/90] Checking Itasca...
2026-05-25 17:23:31,222 INFO       Itasca: Found 1 potential sale(s)
2026-05-25 17:23:33,223 INFO       Checking secondary URL...
2026-05-25 17:23:34,011 INFO       Itasca: Found 3 potential sale(s)
2026-05-25 17:23:36,011 INFO     [32/90] Checking Jackson...
2026-05-25 17:23:36,789 INFO       Jackson: Found 1 potential sale(s)
2026-05-25 17:23:38,790 INFO     [33/90] Checking Kanabec...
2026-05-25 17:23:39,247 INFO       Kanabec: Found 4 potential sale(s)
2026-05-25 17:23:41,248 INFO     [34/90] Checking Kandiyohi...
2026-05-25 17:23:41,533 INFO       Kandiyohi: Found 1 potential sale(s)
2026-05-25 17:23:43,533 INFO     [35/90] Checking Kittson...
2026-05-25 17:23:43,810 INFO       Kittson: Found 1 potential sale(s)
2026-05-25 17:23:45,810 INFO     [36/90] Checking Koochiching...
2026-05-25 17:23:46,494 INFO       Koochiching: Found 1 potential sale(s)
2026-05-25 17:23:48,495 INFO     [37/90] Checking Lac qui Parle...
2026-05-25 17:23:49,327 INFO       Lac qui Parle: Found 1 potential sale(s)
2026-05-25 17:23:51,328 INFO     [38/90] Checking Lake...
2026-05-25 17:23:52,239 INFO       Lake: Found 1 potential sale(s)
2026-05-25 17:23:54,240 INFO     [39/90] Checking Lake of the Woods...
2026-05-25 17:23:56,353 INFO       Lake of the Woods: Found 1 potential sale(s)
2026-05-25 17:23:58,354 INFO       Checking secondary URL...
2026-05-25 17:24:00,987 INFO       Lake of the Woods: Found 1 potential sale(s)
2026-05-25 17:24:02,987 INFO     [40/90] Checking Le Sueur...
2026-05-25 17:24:03,444 INFO       Le Sueur: Found 1 potential sale(s)
2026-05-25 17:24:05,444 INFO       Checking secondary URL...
2026-05-25 17:24:06,106 INFO       Le Sueur: Found 1 potential sale(s)
2026-05-25 17:24:08,107 INFO     [41/90] Checking Lincoln...
2026-05-25 17:24:08,796 DEBUG      Lincoln: Found 4 PDF links, checking...
2026-05-25 17:24:14,952 INFO       Lincoln: No upcoming sales found
2026-05-25 17:24:16,953 INFO     [42/90] Checking Lyon...
2026-05-25 17:24:21,766 WARNING    Lyon: http_403
2026-05-25 17:24:23,767 INFO     [43/90] Checking Mahnomen...
2026-05-25 17:24:24,174 WARNING    Mahnomen: http_404
2026-05-25 17:24:26,175 INFO     [44/90] Checking Marshall...
2026-05-25 17:24:27,755 DEBUG      Marshall: Found 1 PDF links, checking...
2026-05-25 17:24:29,381 INFO       Marshall: No upcoming sales found
2026-05-25 17:24:31,382 INFO     [45/90] Checking Martin...
2026-05-25 17:24:31,902 INFO       Martin: Found 1 potential sale(s)
2026-05-25 17:24:33,903 INFO     [46/90] Checking McLeod...
2026-05-25 17:24:34,599 INFO       McLeod: Found 1 potential sale(s)
2026-05-25 17:24:36,600 INFO     [47/90] Checking Meeker...
2026-05-25 17:24:36,997 INFO       Meeker: Found 1 potential sale(s)
2026-05-25 17:24:38,998 INFO     [48/90] Checking Mille Lacs...
2026-05-25 17:24:39,412 INFO       Mille Lacs: Found 1 potential sale(s)
2026-05-25 17:24:41,412 INFO     [49/90] Checking Morrison...
2026-05-25 17:24:41,957 INFO       Morrison: Found 1 potential sale(s)
2026-05-25 17:24:43,958 INFO     [50/90] Checking Mower...
2026-05-25 17:24:44,467 INFO       Mower: Found 1 potential sale(s)
2026-05-25 17:24:46,467 INFO     [51/90] Checking Murray...
2026-05-25 17:24:46,902 WARNING    Murray: http_404
2026-05-25 17:24:48,903 INFO     [52/90] Checking Nicollet...
2026-05-25 17:24:49,609 INFO       Nicollet: Found 1 potential sale(s)
2026-05-25 17:24:51,610 INFO     [53/90] Checking Nobles...
2026-05-25 17:24:53,515 INFO       Nobles: Found 1 potential sale(s)
2026-05-25 17:24:55,516 INFO     [54/90] Checking Norman...
2026-05-25 17:24:56,096 INFO       Norman: Found 1 potential sale(s)
2026-05-25 17:24:58,097 INFO     [55/90] Checking Olmsted...
2026-05-25 17:24:58,325 INFO       Olmsted: Found 1 potential sale(s)
2026-05-25 17:25:00,326 INFO     [56/90] Checking Otter Tail...
2026-05-25 17:25:00,671 WARNING    Otter Tail: http_403
2026-05-25 17:25:02,671 INFO     [57/90] Checking Pennington...
2026-05-25 17:25:03,520 INFO       Pennington: Found 1 potential sale(s)
2026-05-25 17:25:05,521 INFO     [58/90] Checking Pine...
2026-05-25 17:25:06,089 INFO       Pine: Found 1 potential sale(s)
2026-05-25 17:25:08,090 INFO     [59/90] Checking Pipestone...
2026-05-25 17:25:08,890 DEBUG      Pipestone: Found 3 PDF links, checking...
2026-05-25 17:25:13,205 INFO       Pipestone: No upcoming sales found
2026-05-25 17:25:15,206 INFO     [60/90] Checking Polk...
2026-05-25 17:25:15,716 INFO       Polk: Found 1 potential sale(s)
2026-05-25 17:25:17,717 INFO       Checking secondary URL...
2026-05-25 17:25:18,222 INFO       Polk: Found 1 potential sale(s)
2026-05-25 17:25:20,223 INFO     [61/90] Checking Pope...
2026-05-25 17:25:20,582 INFO       Pope: Found 1 potential sale(s)
2026-05-25 17:25:22,583 INFO     [62/90] Checking Ramsey...
2026-05-25 17:25:22,958 WARNING    Ramsey: http_404
2026-05-25 17:25:24,958 INFO       Checking secondary URL...
2026-05-25 17:25:25,300 INFO       Ramsey: Found 1 potential sale(s)
2026-05-25 17:25:27,301 INFO     [63/90] Checking Red Lake...
2026-05-25 17:25:27,755 INFO       Red Lake: Page too short, flagged for manual review
2026-05-25 17:25:29,756 INFO     [64/90] Checking Redwood...
2026-05-25 17:25:30,498 INFO       Redwood: Found 3 potential sale(s)
2026-05-25 17:25:32,498 INFO     [65/90] Checking Renville...
2026-05-25 17:25:33,155 WARNING    Renville: http_404
2026-05-25 17:25:35,155 INFO     [66/90] Checking Rice...
2026-05-25 17:25:35,789 INFO       Rice: No upcoming sales found
2026-05-25 17:25:37,789 INFO     [67/90] Checking Rock...
2026-05-25 17:25:38,486 DEBUG      Rock: Found 5 PDF links, checking...
2026-05-25 17:25:51,379 INFO       Rock: No upcoming sales found
2026-05-25 17:25:53,380 INFO     [68/90] Checking Roseau...
2026-05-25 17:25:54,591 INFO       Roseau: Found 1 potential sale(s)
2026-05-25 17:25:56,592 INFO     [69/90] Checking Saint Louis...
2026-05-25 17:25:57,674 INFO       Saint Louis: Found 1 potential sale(s)
2026-05-25 17:25:59,675 INFO     [70/90] Checking Scott...
2026-05-25 17:25:59,913 WARNING    Scott: http_404
2026-05-25 17:26:01,913 INFO       Checking secondary URL...
2026-05-25 17:26:02,528 INFO       Scott: Found 1 potential sale(s)
2026-05-25 17:26:04,529 INFO     [71/90] Checking Sherburne...
2026-05-25 17:26:05,003 INFO       Sherburne: Found 1 potential sale(s)
2026-05-25 17:26:07,003 INFO     [72/90] Checking Sibley...
2026-05-25 17:26:07,639 WARNING    Sibley: http_404
2026-05-25 17:26:09,640 INFO       Checking secondary URL...
2026-05-25 17:26:10,304 INFO       Sibley: Found 1 potential sale(s)
2026-05-25 17:26:12,304 INFO     [73/90] Checking Stearns...
2026-05-25 17:26:12,987 INFO       Stearns: Found 1 potential sale(s)
2026-05-25 17:26:14,988 INFO     [74/90] Checking Steele...
2026-05-25 17:26:15,770 INFO       Steele: Found 1 potential sale(s)
2026-05-25 17:26:17,770 INFO     [75/90] Checking Stevens...
2026-05-25 17:26:18,697 INFO       Stevens: Found 1 potential sale(s)
2026-05-25 17:26:20,697 INFO     [76/90] Checking Swift...
2026-05-25 17:26:21,735 WARNING    Swift: http_404
2026-05-25 17:26:23,736 INFO     [77/90] Checking Todd...
2026-05-25 17:26:53,825 DEBUG    Timeout on https://www.co.todd.mn.us/divisions/property-records/auditor-treasurer/#1536095103838-5b7732a8-e005 (attempt 1)
2026-05-25 17:27:25,889 DEBUG    Timeout on https://www.co.todd.mn.us/divisions/property-records/auditor-treasurer/#1536095103838-5b7732a8-e005 (attempt 2)
2026-05-25 17:27:59,923 DEBUG    Timeout on https://www.co.todd.mn.us/divisions/property-records/auditor-treasurer/#1536095103838-5b7732a8-e005 (attempt 3)
2026-05-25 17:27:59,923 WARNING    Todd: timeout
2026-05-25 17:28:01,924 INFO     [78/90] Checking Traverse...
2026-05-25 17:28:02,638 DEBUG      Traverse: Found 1 PDF links, checking...
2026-05-25 17:28:04,265 INFO       Traverse: No upcoming sales found
2026-05-25 17:28:06,266 INFO     [79/90] Checking Wabasha...
2026-05-25 17:28:06,651 INFO       Wabasha: Found 1 potential sale(s)
2026-05-25 17:28:08,652 INFO     [80/90] Checking Wadena...
2026-05-25 17:28:09,096 INFO       Wadena: Found 1 potential sale(s)
2026-05-25 17:28:11,097 INFO     [81/90] Checking Waseca...
2026-05-25 17:28:11,721 INFO       Waseca: Found 1 potential sale(s)
2026-05-25 17:28:13,722 INFO     [82/90] Checking Washington...
2026-05-25 17:28:14,157 WARNING    Washington: http_404
2026-05-25 17:28:16,158 INFO     [83/90] Checking Watonwan...
2026-05-25 17:28:16,801 INFO       Watonwan: Found 1 potential sale(s)
2026-05-25 17:28:18,802 INFO     [84/90] Checking Wilkin...
2026-05-25 17:28:19,793 INFO       Wilkin: Found 1 potential sale(s)
2026-05-25 17:28:21,793 INFO     [85/90] Checking Winona...
2026-05-25 17:28:22,998 INFO       Winona: Found 1 potential sale(s)
2026-05-25 17:28:24,999 INFO     [86/90] Checking Wright...
2026-05-25 17:28:26,083 INFO       Wright: Found 1 potential sale(s)
2026-05-25 17:28:28,083 INFO     [87/90] Checking Yellow Medicine...
2026-05-25 17:28:28,626 INFO       Yellow Medicine: Found 1 potential sale(s)
2026-05-25 17:28:30,627 INFO     [88/90] Checking DNR...
2026-05-25 17:28:30,855 INFO       DNR: Found 1 potential sale(s)
2026-05-25 17:28:32,855 INFO     [89/90] Checking MN DOT...
2026-05-25 17:28:33,450 INFO       MN DOT: Found 1 potential sale(s)
2026-05-25 17:28:35,451 INFO     [90/90] Checking Wisconsin...
2026-05-25 17:28:40,936 INFO       Wisconsin: No upcoming sales found
2026-05-25 17:28:42,936 INFO     ============================================================
2026-05-25 17:28:42,936 INFO     Checking complete in 6.8 minutes
2026-05-25 17:28:42,937 INFO     Found 80 unique sales (from 82 raw matches)
2026-05-25 17:28:42,938 INFO     Updated sources CSV with check dates
2026-05-25 17:28:42,939 INFO     Markdown report written to /home/runner/work/mn-tax-forfeiture-tracker/mn-tax-forfeiture-tracker/reports/weekly_report_2026-05-25.md
2026-05-25 17:28:42,940 INFO     CSV report written to /home/runner/work/mn-tax-forfeiture-tracker/mn-tax-forfeiture-tracker/reports/weekly_report_2026-05-25.csv
2026-05-25 17:28:42,940 INFO     Check log written to /home/runner/work/mn-tax-forfeiture-tracker/mn-tax-forfeiture-tracker/logs/check_log_2026-05-25.csv
2026-05-25 17:28:42,941 INFO     ============================================================
2026-05-25 17:28:42,941 INFO     SUMMARY
2026-05-25 17:28:42,941 INFO       Total sources checked: 98
2026-05-25 17:28:42,941 INFO       Unique sales found: 80
2026-05-25 17:28:42,941 INFO       error_connection_error: 2
2026-05-25 17:28:42,941 INFO       error_http_403: 3
2026-05-25 17:28:42,941 INFO       error_http_404: 11
2026-05-25 17:28:42,941 INFO       error_timeout: 1
2026-05-25 17:28:42,941 INFO       needs_manual_review: 1
2026-05-25 17:28:42,941 INFO       no_sale_found: 7
2026-05-25 17:28:42,941 INFO       sale_found: 73
2026-05-25 17:28:42,941 INFO       Elapsed time: 6.8 minutes
2026-05-25 17:28:42,941 INFO     ============================================================
