2026-06-22 15:48:52,441 INFO     ============================================================
2026-06-22 15:48:52,441 INFO     Minnesota Tax-Forfeited Land Sale Checker
2026-06-22 15:48:52,441 INFO     Run date: 2026-06-22
2026-06-22 15:48:52,442 INFO     ============================================================
2026-06-22 15:48:52,444 INFO     Loaded 90 sources from CSV
2026-06-22 15:48:52,445 INFO     [1/90] Checking Aitkin...
2026-06-22 15:48:52,838 WARNING    Aitkin: http_404
2026-06-22 15:48:54,838 INFO       Checking secondary URL...
2026-06-22 15:48:55,083 INFO       Aitkin: Found 1 potential sale(s)
2026-06-22 15:48:57,084 INFO     [2/90] Checking Anoka...
2026-06-22 15:48:57,878 INFO       Anoka: Found 1 potential sale(s)
2026-06-22 15:48:59,879 INFO     [3/90] Checking Becker...
2026-06-22 15:49:00,632 INFO       Becker: Found 1 potential sale(s)
2026-06-22 15:49:02,633 INFO     [4/90] Checking Beltrami...
2026-06-22 15:49:02,992 INFO       Beltrami: Found 1 potential sale(s)
2026-06-22 15:49:04,993 INFO     [5/90] Checking Benton...
2026-06-22 15:49:05,894 INFO       Benton: Found 1 potential sale(s)
2026-06-22 15:49:07,894 INFO     [6/90] Checking Big Stone...
2026-06-22 15:49:09,634 INFO       Big Stone: Found 1 potential sale(s)
2026-06-22 15:49:11,635 INFO     [7/90] Checking Blue Earth...
2026-06-22 15:49:12,210 INFO       Blue Earth: Found 1 potential sale(s)
2026-06-22 15:49:14,211 INFO     [8/90] Checking Brown...
2026-06-22 15:49:15,291 INFO       Brown: Found 2 potential sale(s)
2026-06-22 15:49:17,292 INFO     [9/90] Checking Carlton...
2026-06-22 15:49:18,289 INFO       Carlton: Found 1 potential sale(s)
2026-06-22 15:49:20,289 INFO     [10/90] Checking Carver...
2026-06-22 15:49:20,491 DEBUG    Connection error on https://www.co.carver.mn.us/departments/property-finance/property-tax/tax-forfeiture-sale (attempt 1)
2026-06-22 15:49:22,641 DEBUG    Connection error on https://www.co.carver.mn.us/departments/property-finance/property-tax/tax-forfeiture-sale (attempt 2)
2026-06-22 15:49:26,731 DEBUG    Connection error on https://www.co.carver.mn.us/departments/property-finance/property-tax/tax-forfeiture-sale (attempt 3)
2026-06-22 15:49:26,731 WARNING    Carver: connection_error: ('Connection aborted.', ConnectionResetError(104, 'Connection reset by peer'))
2026-06-22 15:49:28,732 INFO     [11/90] Checking Cass...
2026-06-22 15:49:29,098 INFO       Cass: Found 1 potential sale(s)
2026-06-22 15:49:31,099 INFO     [12/90] Checking Chippewa...
2026-06-22 15:49:31,926 INFO       Chippewa: Found 1 potential sale(s)
2026-06-22 15:49:33,927 INFO     [13/90] Checking Chisago...
2026-06-22 15:49:34,505 INFO       Chisago: Found 1 potential sale(s)
2026-06-22 15:49:36,506 INFO     [14/90] Checking Clay...
2026-06-22 15:49:37,117 INFO       Clay: Found 1 potential sale(s)
2026-06-22 15:49:39,118 INFO     [15/90] Checking Clearwater...
2026-06-22 15:49:39,535 INFO       Clearwater: Found 1 potential sale(s)
2026-06-22 15:49:41,536 INFO     [16/90] Checking Cook...
2026-06-22 15:49:42,362 INFO       Cook: Found 1 potential sale(s)
2026-06-22 15:49:44,363 INFO     [17/90] Checking Cottonwood...
2026-06-22 15:49:45,242 WARNING    Cottonwood: http_404
2026-06-22 15:49:47,242 INFO     [18/90] Checking Crow Wing...
2026-06-22 15:49:48,028 INFO       Crow Wing: Found 1 potential sale(s)
2026-06-22 15:49:50,029 INFO     [19/90] Checking Dakota...
2026-06-22 15:49:50,499 INFO       Dakota: Found 1 potential sale(s)
2026-06-22 15:49:52,500 INFO     [20/90] Checking Dodge...
2026-06-22 15:49:52,625 INFO       Dodge: Found 1 potential sale(s)
2026-06-22 15:49:54,626 INFO     [21/90] Checking Douglas...
2026-06-22 15:49:54,731 DEBUG    Connection error on https://www.co.douglas.mn.us/tax-forfeited-land (attempt 1)
2026-06-22 15:49:56,779 DEBUG    Connection error on https://www.co.douglas.mn.us/tax-forfeited-land (attempt 2)
2026-06-22 15:50:00,838 DEBUG    Connection error on https://www.co.douglas.mn.us/tax-forfeited-land (attempt 3)
2026-06-22 15:50:00,838 WARNING    Douglas: connection_error: HTTPSConnectionPool(host='www.co.douglas.mn.us', port=443): Max retries exceeded with url: /tax-forfeited-land (Caused by NameResolutionError("HTTPSConnection(host='www.co.douglas.mn.us', port=443): Failed to resolve 'www.co.douglas.mn.us' ([Errno -2] Name or service not known)"))
2026-06-22 15:50:02,838 INFO     [22/90] Checking Faribault...
2026-06-22 15:50:03,463 WARNING    Faribault: http_404
2026-06-22 15:50:05,464 INFO     [23/90] Checking Fillmore...
2026-06-22 15:50:05,855 INFO       Fillmore: Found 1 potential sale(s)
2026-06-22 15:50:07,856 INFO     [24/90] Checking Freeborn...
2026-06-22 15:50:08,465 INFO       Freeborn: Found 1 potential sale(s)
2026-06-22 15:50:10,466 INFO     [25/90] Checking Goodhue...
2026-06-22 15:50:11,399 INFO       Goodhue: Found 1 potential sale(s)
2026-06-22 15:50:13,400 INFO     [26/90] Checking Grant...
2026-06-22 15:50:13,910 INFO       Grant: Found 1 potential sale(s)
2026-06-22 15:50:15,911 INFO     [27/90] Checking Hennepin...
2026-06-22 15:50:21,156 WARNING    Hennepin: http_404
2026-06-22 15:50:23,156 INFO     [28/90] Checking Houston...
2026-06-22 15:50:24,011 INFO       Houston: Found 1 potential sale(s)
2026-06-22 15:50:26,012 INFO     [29/90] Checking Hubbard...
2026-06-22 15:50:26,544 INFO       Hubbard: Found 1 potential sale(s)
2026-06-22 15:50:28,544 INFO     [30/90] Checking Isanti...
2026-06-22 15:50:29,068 INFO       Isanti: Found 1 potential sale(s)
2026-06-22 15:50:31,069 INFO     [31/90] Checking Itasca...
2026-06-22 15:50:32,007 INFO       Itasca: Found 1 potential sale(s)
2026-06-22 15:50:34,007 INFO       Checking secondary URL...
2026-06-22 15:50:35,043 INFO       Itasca: Found 2 potential sale(s)
2026-06-22 15:50:37,044 INFO     [32/90] Checking Jackson...
2026-06-22 15:50:37,554 INFO       Jackson: Found 1 potential sale(s)
2026-06-22 15:50:39,554 INFO     [33/90] Checking Kanabec...
2026-06-22 15:50:39,929 INFO       Kanabec: Found 8 potential sale(s)
2026-06-22 15:50:41,929 INFO     [34/90] Checking Kandiyohi...
2026-06-22 15:50:42,343 INFO       Kandiyohi: Found 1 potential sale(s)
2026-06-22 15:50:44,344 INFO     [35/90] Checking Kittson...
2026-06-22 15:50:44,650 INFO       Kittson: Found 1 potential sale(s)
2026-06-22 15:50:46,650 INFO     [36/90] Checking Koochiching...
2026-06-22 15:50:48,736 INFO       Koochiching: Found 1 potential sale(s)
2026-06-22 15:50:50,737 INFO     [37/90] Checking Lac qui Parle...
2026-06-22 15:50:51,882 INFO       Lac qui Parle: Found 1 potential sale(s)
2026-06-22 15:50:53,883 INFO     [38/90] Checking Lake...
2026-06-22 15:50:54,459 INFO       Lake: Found 1 potential sale(s)
2026-06-22 15:50:56,459 INFO     [39/90] Checking Lake of the Woods...
2026-06-22 15:50:58,911 INFO       Lake of the Woods: Found 1 potential sale(s)
2026-06-22 15:51:00,911 INFO       Checking secondary URL...
2026-06-22 15:51:01,587 INFO       Lake of the Woods: Found 1 potential sale(s)
2026-06-22 15:51:03,588 INFO     [40/90] Checking Le Sueur...
2026-06-22 15:51:04,253 INFO       Le Sueur: Found 1 potential sale(s)
2026-06-22 15:51:06,254 INFO       Checking secondary URL...
2026-06-22 15:51:07,106 INFO       Le Sueur: Found 1 potential sale(s)
2026-06-22 15:51:09,107 INFO     [41/90] Checking Lincoln...
2026-06-22 15:51:10,222 DEBUG      Lincoln: Found 4 PDF links, checking...
2026-06-22 15:51:17,425 INFO       Lincoln: No upcoming sales found
2026-06-22 15:51:19,426 INFO     [42/90] Checking Lyon...
2026-06-22 15:51:19,702 WARNING    Lyon: http_403
2026-06-22 15:51:21,703 INFO     [43/90] Checking Mahnomen...
2026-06-22 15:51:22,335 WARNING    Mahnomen: http_404
2026-06-22 15:51:24,336 INFO     [44/90] Checking Marshall...
2026-06-22 15:51:24,732 DEBUG      Marshall: Found 1 PDF links, checking...
2026-06-22 15:51:25,924 INFO       Marshall: No upcoming sales found
2026-06-22 15:51:27,925 INFO     [45/90] Checking Martin...
2026-06-22 15:51:28,252 INFO       Martin: Found 1 potential sale(s)
2026-06-22 15:51:30,252 INFO     [46/90] Checking McLeod...
2026-06-22 15:51:31,073 INFO       McLeod: Found 1 potential sale(s)
2026-06-22 15:51:33,073 INFO     [47/90] Checking Meeker...
2026-06-22 15:51:34,099 INFO       Meeker: Found 1 potential sale(s)
2026-06-22 15:51:36,100 INFO     [48/90] Checking Mille Lacs...
2026-06-22 15:51:36,695 INFO       Mille Lacs: Found 1 potential sale(s)
2026-06-22 15:51:38,695 INFO     [49/90] Checking Morrison...
2026-06-22 15:51:39,245 INFO       Morrison: Found 1 potential sale(s)
2026-06-22 15:51:41,246 INFO     [50/90] Checking Mower...
2026-06-22 15:51:41,810 INFO       Mower: Found 1 potential sale(s)
2026-06-22 15:51:43,810 INFO     [51/90] Checking Murray...
2026-06-22 15:51:44,007 WARNING    Murray: http_404
2026-06-22 15:51:46,008 INFO     [52/90] Checking Nicollet...
2026-06-22 15:51:47,387 INFO       Nicollet: Found 1 potential sale(s)
2026-06-22 15:51:49,388 INFO     [53/90] Checking Nobles...
2026-06-22 15:51:50,581 INFO       Nobles: Found 1 potential sale(s)
2026-06-22 15:51:52,581 INFO     [54/90] Checking Norman...
2026-06-22 15:51:53,274 INFO       Norman: Found 1 potential sale(s)
2026-06-22 15:51:55,275 INFO     [55/90] Checking Olmsted...
2026-06-22 15:51:55,431 INFO       Olmsted: Found 1 potential sale(s)
2026-06-22 15:51:57,432 INFO     [56/90] Checking Otter Tail...
2026-06-22 15:51:57,599 WARNING    Otter Tail: http_403
2026-06-22 15:51:59,600 INFO     [57/90] Checking Pennington...
2026-06-22 15:52:00,040 INFO       Pennington: Found 1 potential sale(s)
2026-06-22 15:52:02,041 INFO     [58/90] Checking Pine...
2026-06-22 15:52:02,835 INFO       Pine: Found 1 potential sale(s)
2026-06-22 15:52:04,835 INFO     [59/90] Checking Pipestone...
2026-06-22 15:52:05,283 DEBUG      Pipestone: Found 3 PDF links, checking...
2026-06-22 15:52:08,907 INFO       Pipestone: No upcoming sales found
2026-06-22 15:52:10,908 INFO     [60/90] Checking Polk...
2026-06-22 15:52:11,584 INFO       Polk: Found 1 potential sale(s)
2026-06-22 15:52:13,585 INFO       Checking secondary URL...
2026-06-22 15:52:14,208 INFO       Polk: Found 1 potential sale(s)
2026-06-22 15:52:16,209 INFO     [61/90] Checking Pope...
2026-06-22 15:52:16,586 INFO       Pope: Found 1 potential sale(s)
2026-06-22 15:52:18,586 INFO     [62/90] Checking Ramsey...
2026-06-22 15:52:19,079 WARNING    Ramsey: http_404
2026-06-22 15:52:21,079 INFO       Checking secondary URL...
2026-06-22 15:52:21,510 INFO       Ramsey: Found 1 potential sale(s)
2026-06-22 15:52:23,511 INFO     [63/90] Checking Red Lake...
2026-06-22 15:52:23,710 INFO       Red Lake: Page too short, flagged for manual review
2026-06-22 15:52:25,711 INFO     [64/90] Checking Redwood...
2026-06-22 15:52:26,142 INFO       Redwood: Found 1 potential sale(s)
2026-06-22 15:52:28,143 INFO     [65/90] Checking Renville...
2026-06-22 15:52:28,695 WARNING    Renville: http_404
2026-06-22 15:52:30,696 INFO     [66/90] Checking Rice...
2026-06-22 15:52:31,297 INFO       Rice: No upcoming sales found
2026-06-22 15:52:33,297 INFO     [67/90] Checking Rock...
2026-06-22 15:52:33,666 DEBUG      Rock: Found 5 PDF links, checking...
2026-06-22 15:52:42,604 INFO       Rock: No upcoming sales found
2026-06-22 15:52:44,604 INFO     [68/90] Checking Roseau...
2026-06-22 15:52:46,023 INFO       Roseau: Found 1 potential sale(s)
2026-06-22 15:52:48,023 INFO     [69/90] Checking Saint Louis...
2026-06-22 15:52:49,142 INFO       Saint Louis: Found 1 potential sale(s)
2026-06-22 15:52:51,142 INFO     [70/90] Checking Scott...
2026-06-22 15:52:51,375 WARNING    Scott: http_404
2026-06-22 15:52:53,375 INFO       Checking secondary URL...
2026-06-22 15:52:53,803 INFO       Scott: Found 1 potential sale(s)
2026-06-22 15:52:55,803 INFO     [71/90] Checking Sherburne...
2026-06-22 15:52:56,331 INFO       Sherburne: Found 1 potential sale(s)
2026-06-22 15:52:58,332 INFO     [72/90] Checking Sibley...
2026-06-22 15:52:59,024 WARNING    Sibley: http_404
2026-06-22 15:53:01,025 INFO       Checking secondary URL...
2026-06-22 15:53:01,427 INFO       Sibley: Found 1 potential sale(s)
2026-06-22 15:53:03,427 INFO     [73/90] Checking Stearns...
2026-06-22 15:53:04,438 INFO       Stearns: Found 1 potential sale(s)
2026-06-22 15:53:06,439 INFO     [74/90] Checking Steele...
2026-06-22 15:53:06,783 INFO       Steele: Found 1 potential sale(s)
2026-06-22 15:53:08,784 INFO     [75/90] Checking Stevens...
2026-06-22 15:53:09,543 INFO       Stevens: Found 1 potential sale(s)
2026-06-22 15:53:11,544 INFO     [76/90] Checking Swift...
2026-06-22 15:53:12,071 WARNING    Swift: http_404
2026-06-22 15:53:14,072 INFO     [77/90] Checking Todd...
2026-06-22 15:53:44,232 DEBUG    Timeout on https://www.co.todd.mn.us/divisions/property-records/auditor-treasurer/#1536095103838-5b7732a8-e005 (attempt 1)
2026-06-22 15:54:16,312 DEBUG    Timeout on https://www.co.todd.mn.us/divisions/property-records/auditor-treasurer/#1536095103838-5b7732a8-e005 (attempt 2)
2026-06-22 15:54:50,378 DEBUG    Timeout on https://www.co.todd.mn.us/divisions/property-records/auditor-treasurer/#1536095103838-5b7732a8-e005 (attempt 3)
2026-06-22 15:54:50,378 WARNING    Todd: timeout
2026-06-22 15:54:52,379 INFO     [78/90] Checking Traverse...
2026-06-22 15:54:52,869 INFO       Traverse: No upcoming sales found
2026-06-22 15:54:54,869 INFO     [79/90] Checking Wabasha...
2026-06-22 15:54:55,059 INFO       Wabasha: Found 1 potential sale(s)
2026-06-22 15:54:57,060 INFO     [80/90] Checking Wadena...
2026-06-22 15:54:57,652 INFO       Wadena: Found 1 potential sale(s)
2026-06-22 15:54:59,652 INFO     [81/90] Checking Waseca...
2026-06-22 15:55:00,228 INFO       Waseca: Found 1 potential sale(s)
2026-06-22 15:55:02,229 INFO     [82/90] Checking Washington...
2026-06-22 15:55:02,942 WARNING    Washington: http_404
2026-06-22 15:55:04,943 INFO     [83/90] Checking Watonwan...
2026-06-22 15:55:06,176 INFO       Watonwan: Found 1 potential sale(s)
2026-06-22 15:55:08,177 INFO     [84/90] Checking Wilkin...
2026-06-22 15:55:08,642 INFO       Wilkin: Found 1 potential sale(s)
2026-06-22 15:55:10,643 INFO     [85/90] Checking Winona...
2026-06-22 15:55:11,701 INFO       Winona: Found 1 potential sale(s)
2026-06-22 15:55:13,701 INFO     [86/90] Checking Wright...
2026-06-22 15:55:14,520 WARNING    Wright: http_404
2026-06-22 15:55:16,521 INFO     [87/90] Checking Yellow Medicine...
2026-06-22 15:55:16,734 INFO       Yellow Medicine: Found 1 potential sale(s)
2026-06-22 15:55:18,735 INFO     [88/90] Checking DNR...
2026-06-22 15:55:18,858 INFO       DNR: Found 1 potential sale(s)
2026-06-22 15:55:20,859 INFO     [89/90] Checking MN DOT...
2026-06-22 15:55:21,199 INFO       MN DOT: Found 1 potential sale(s)
2026-06-22 15:55:23,200 INFO     [90/90] Checking Wisconsin...
2026-06-22 15:55:26,110 INFO       Wisconsin: No upcoming sales found
2026-06-22 15:55:28,111 INFO     ============================================================
2026-06-22 15:55:28,111 INFO     Checking complete in 6.6 minutes
2026-06-22 15:55:28,111 INFO     Found 79 unique sales (from 81 raw matches)
2026-06-22 15:55:28,113 INFO     Updated sources CSV with check dates
2026-06-22 15:55:28,114 INFO     Markdown report written to /home/runner/work/mn-tax-forfeiture-tracker/mn-tax-forfeiture-tracker/reports/weekly_report_2026-06-22.md
2026-06-22 15:55:28,115 INFO     CSV report written to /home/runner/work/mn-tax-forfeiture-tracker/mn-tax-forfeiture-tracker/reports/weekly_report_2026-06-22.csv
2026-06-22 15:55:28,115 INFO     Check log written to /home/runner/work/mn-tax-forfeiture-tracker/mn-tax-forfeiture-tracker/logs/check_log_2026-06-22.csv
2026-06-22 15:55:28,115 INFO     ============================================================
2026-06-22 15:55:28,115 INFO     SUMMARY
2026-06-22 15:55:28,115 INFO       Total sources checked: 98
2026-06-22 15:55:28,115 INFO       Unique sales found: 79
2026-06-22 15:55:28,116 INFO       error_connection_error: 2
2026-06-22 15:55:28,116 INFO       error_http_403: 2
2026-06-22 15:55:28,116 INFO       error_http_404: 13
2026-06-22 15:55:28,116 INFO       error_timeout: 1
2026-06-22 15:55:28,116 INFO       needs_manual_review: 1
2026-06-22 15:55:28,116 INFO       no_sale_found: 7
2026-06-22 15:55:28,116 INFO       sale_found: 72
2026-06-22 15:55:28,116 INFO       Elapsed time: 6.6 minutes
2026-06-22 15:55:28,116 INFO     ============================================================
