2026-05-18 18:13:58,876 INFO     ============================================================
2026-05-18 18:13:58,876 INFO     Minnesota Tax-Forfeited Land Sale Checker
2026-05-18 18:13:58,876 INFO     Run date: 2026-05-18
2026-05-18 18:13:58,876 INFO     ============================================================
2026-05-18 18:13:58,878 INFO     Loaded 90 sources from CSV
2026-05-18 18:13:58,879 INFO     [1/90] Checking Aitkin...
2026-05-18 18:13:59,026 WARNING    Aitkin: http_404
2026-05-18 18:14:01,026 INFO       Checking secondary URL...
2026-05-18 18:14:01,162 INFO       Aitkin: Found 1 potential sale(s)
2026-05-18 18:14:03,162 INFO     [2/90] Checking Anoka...
2026-05-18 18:14:03,624 INFO       Anoka: Found 1 potential sale(s)
2026-05-18 18:14:05,624 INFO     [3/90] Checking Becker...
2026-05-18 18:14:06,074 INFO       Becker: Found 1 potential sale(s)
2026-05-18 18:14:08,075 INFO     [4/90] Checking Beltrami...
2026-05-18 18:14:08,468 INFO       Beltrami: Found 2 potential sale(s)
2026-05-18 18:14:10,469 INFO     [5/90] Checking Benton...
2026-05-18 18:14:10,911 INFO       Benton: Found 1 potential sale(s)
2026-05-18 18:14:12,912 INFO     [6/90] Checking Big Stone...
2026-05-18 18:14:13,798 INFO       Big Stone: Found 1 potential sale(s)
2026-05-18 18:14:15,799 INFO     [7/90] Checking Blue Earth...
2026-05-18 18:14:16,218 INFO       Blue Earth: Found 1 potential sale(s)
2026-05-18 18:14:18,218 INFO     [8/90] Checking Brown...
2026-05-18 18:14:18,579 INFO       Brown: Found 1 potential sale(s)
2026-05-18 18:14:20,580 INFO     [9/90] Checking Carlton...
2026-05-18 18:14:21,280 INFO       Carlton: Found 1 potential sale(s)
2026-05-18 18:14:23,281 INFO     [10/90] Checking Carver...
2026-05-18 18:14:23,559 DEBUG    Connection error on https://www.co.carver.mn.us/departments/property-finance/property-tax/tax-forfeiture-sale (attempt 1)
2026-05-18 18:14:25,603 DEBUG    Connection error on https://www.co.carver.mn.us/departments/property-finance/property-tax/tax-forfeiture-sale (attempt 2)
2026-05-18 18:14:29,701 DEBUG    Connection error on https://www.co.carver.mn.us/departments/property-finance/property-tax/tax-forfeiture-sale (attempt 3)
2026-05-18 18:14:29,701 WARNING    Carver: connection_error: ('Connection aborted.', ConnectionResetError(104, 'Connection reset by peer'))
2026-05-18 18:14:31,702 INFO     [11/90] Checking Cass...
2026-05-18 18:14:32,056 INFO       Cass: Found 1 potential sale(s)
2026-05-18 18:14:34,057 INFO     [12/90] Checking Chippewa...
2026-05-18 18:14:34,601 INFO       Chippewa: Found 1 potential sale(s)
2026-05-18 18:14:36,602 INFO     [13/90] Checking Chisago...
2026-05-18 18:14:37,297 INFO       Chisago: Found 1 potential sale(s)
2026-05-18 18:14:39,298 INFO     [14/90] Checking Clay...
2026-05-18 18:14:39,638 INFO       Clay: Found 1 potential sale(s)
2026-05-18 18:14:41,639 INFO     [15/90] Checking Clearwater...
2026-05-18 18:14:42,018 INFO       Clearwater: Found 1 potential sale(s)
2026-05-18 18:14:44,019 INFO     [16/90] Checking Cook...
2026-05-18 18:14:44,542 INFO       Cook: Found 1 potential sale(s)
2026-05-18 18:14:46,543 INFO     [17/90] Checking Cottonwood...
2026-05-18 18:14:47,334 WARNING    Cottonwood: http_404
2026-05-18 18:14:49,336 INFO     [18/90] Checking Crow Wing...
2026-05-18 18:14:49,879 INFO       Crow Wing: Found 1 potential sale(s)
2026-05-18 18:14:51,880 INFO     [19/90] Checking Dakota...
2026-05-18 18:14:52,406 INFO       Dakota: Found 1 potential sale(s)
2026-05-18 18:14:54,407 INFO     [20/90] Checking Dodge...
2026-05-18 18:14:54,770 INFO       Dodge: Found 1 potential sale(s)
2026-05-18 18:14:56,771 INFO     [21/90] Checking Douglas...
2026-05-18 18:14:56,826 DEBUG    Connection error on https://www.co.douglas.mn.us/tax-forfeited-land (attempt 1)
2026-05-18 18:14:58,863 DEBUG    Connection error on https://www.co.douglas.mn.us/tax-forfeited-land (attempt 2)
2026-05-18 18:15:02,905 DEBUG    Connection error on https://www.co.douglas.mn.us/tax-forfeited-land (attempt 3)
2026-05-18 18:15:02,905 WARNING    Douglas: connection_error: HTTPSConnectionPool(host='www.co.douglas.mn.us', port=443): Max retries exceeded with url: /tax-forfeited-land (Caused by NameResolutionError("HTTPSConnection(host='www.co.douglas.mn.us', port=443): Failed to resolve 'www.co.douglas.mn.us' ([Errno -2] Name or service not known)"))
2026-05-18 18:15:04,906 INFO     [22/90] Checking Faribault...
2026-05-18 18:15:05,007 WARNING    Faribault: http_403
2026-05-18 18:15:07,008 INFO     [23/90] Checking Fillmore...
2026-05-18 18:15:07,274 INFO       Fillmore: Found 1 potential sale(s)
2026-05-18 18:15:09,275 INFO     [24/90] Checking Freeborn...
2026-05-18 18:15:09,689 INFO       Freeborn: Found 1 potential sale(s)
2026-05-18 18:15:11,689 INFO     [25/90] Checking Goodhue...
2026-05-18 18:15:12,525 INFO       Goodhue: Found 1 potential sale(s)
2026-05-18 18:15:14,525 INFO     [26/90] Checking Grant...
2026-05-18 18:15:14,879 INFO       Grant: Found 1 potential sale(s)
2026-05-18 18:15:16,879 INFO     [27/90] Checking Hennepin...
2026-05-18 18:15:17,078 WARNING    Hennepin: http_404
2026-05-18 18:15:19,079 INFO     [28/90] Checking Houston...
2026-05-18 18:15:19,808 INFO       Houston: Found 1 potential sale(s)
2026-05-18 18:15:21,809 INFO     [29/90] Checking Hubbard...
2026-05-18 18:15:22,350 INFO       Hubbard: Found 1 potential sale(s)
2026-05-18 18:15:24,351 INFO     [30/90] Checking Isanti...
2026-05-18 18:15:24,962 INFO       Isanti: Found 4 potential sale(s)
2026-05-18 18:15:26,963 INFO     [31/90] Checking Itasca...
2026-05-18 18:15:27,641 INFO       Itasca: Found 1 potential sale(s)
2026-05-18 18:15:29,641 INFO       Checking secondary URL...
2026-05-18 18:15:30,236 INFO       Itasca: Found 4 potential sale(s)
2026-05-18 18:15:32,236 INFO     [32/90] Checking Jackson...
2026-05-18 18:15:32,684 INFO       Jackson: Found 1 potential sale(s)
2026-05-18 18:15:34,685 INFO     [33/90] Checking Kanabec...
2026-05-18 18:15:34,879 INFO       Kanabec: Found 4 potential sale(s)
2026-05-18 18:15:36,880 INFO     [34/90] Checking Kandiyohi...
2026-05-18 18:15:37,137 INFO       Kandiyohi: Found 1 potential sale(s)
2026-05-18 18:15:39,137 INFO     [35/90] Checking Kittson...
2026-05-18 18:15:39,350 INFO       Kittson: Found 1 potential sale(s)
2026-05-18 18:15:41,351 INFO     [36/90] Checking Koochiching...
2026-05-18 18:15:41,751 INFO       Koochiching: Found 1 potential sale(s)
2026-05-18 18:15:43,752 INFO     [37/90] Checking Lac qui Parle...
2026-05-18 18:15:44,368 INFO       Lac qui Parle: Found 1 potential sale(s)
2026-05-18 18:15:46,369 INFO     [38/90] Checking Lake...
2026-05-18 18:15:46,814 INFO       Lake: Found 1 potential sale(s)
2026-05-18 18:15:48,815 INFO     [39/90] Checking Lake of the Woods...
2026-05-18 18:15:50,792 INFO       Lake of the Woods: Found 1 potential sale(s)
2026-05-18 18:15:52,792 INFO       Checking secondary URL...
2026-05-18 18:15:55,271 INFO       Lake of the Woods: Found 1 potential sale(s)
2026-05-18 18:15:57,272 INFO     [40/90] Checking Le Sueur...
2026-05-18 18:15:57,554 INFO       Le Sueur: Found 1 potential sale(s)
2026-05-18 18:15:59,555 INFO       Checking secondary URL...
2026-05-18 18:16:00,049 INFO       Le Sueur: Found 1 potential sale(s)
2026-05-18 18:16:02,050 INFO     [41/90] Checking Lincoln...
2026-05-18 18:16:02,755 DEBUG      Lincoln: Found 4 PDF links, checking...
2026-05-18 18:16:08,955 INFO       Lincoln: No upcoming sales found
2026-05-18 18:16:10,956 INFO     [42/90] Checking Lyon...
2026-05-18 18:16:11,382 WARNING    Lyon: http_403
2026-05-18 18:16:13,383 INFO     [43/90] Checking Mahnomen...
2026-05-18 18:16:13,753 WARNING    Mahnomen: http_404
2026-05-18 18:16:15,754 INFO     [44/90] Checking Marshall...
2026-05-18 18:16:16,286 DEBUG      Marshall: Found 1 PDF links, checking...
2026-05-18 18:16:17,479 INFO       Marshall: No upcoming sales found
2026-05-18 18:16:19,481 INFO     [45/90] Checking Martin...
2026-05-18 18:16:19,597 INFO       Martin: Found 1 potential sale(s)
2026-05-18 18:16:21,598 INFO     [46/90] Checking McLeod...
2026-05-18 18:16:22,113 INFO       McLeod: Found 1 potential sale(s)
2026-05-18 18:16:24,114 INFO     [47/90] Checking Meeker...
2026-05-18 18:16:24,819 INFO       Meeker: Found 1 potential sale(s)
2026-05-18 18:16:26,820 INFO     [48/90] Checking Mille Lacs...
2026-05-18 18:16:27,150 INFO       Mille Lacs: Found 1 potential sale(s)
2026-05-18 18:16:29,151 INFO     [49/90] Checking Morrison...
2026-05-18 18:16:29,620 INFO       Morrison: Found 1 potential sale(s)
2026-05-18 18:16:31,621 INFO     [50/90] Checking Mower...
2026-05-18 18:16:32,009 INFO       Mower: Found 1 potential sale(s)
2026-05-18 18:16:34,010 INFO     [51/90] Checking Murray...
2026-05-18 18:16:34,190 WARNING    Murray: http_404
2026-05-18 18:16:36,191 INFO     [52/90] Checking Nicollet...
2026-05-18 18:16:36,681 INFO       Nicollet: Found 1 potential sale(s)
2026-05-18 18:16:38,682 INFO     [53/90] Checking Nobles...
2026-05-18 18:16:38,793 INFO       Nobles: Page too short, flagged for manual review
2026-05-18 18:16:40,794 INFO     [54/90] Checking Norman...
2026-05-18 18:16:41,268 INFO       Norman: Found 1 potential sale(s)
2026-05-18 18:16:43,268 INFO     [55/90] Checking Olmsted...
2026-05-18 18:16:43,384 INFO       Olmsted: Found 1 potential sale(s)
2026-05-18 18:16:45,385 INFO     [56/90] Checking Otter Tail...
2026-05-18 18:16:45,513 WARNING    Otter Tail: http_403
2026-05-18 18:16:47,513 INFO     [57/90] Checking Pennington...
2026-05-18 18:16:47,918 INFO       Pennington: Found 1 potential sale(s)
2026-05-18 18:16:49,919 INFO     [58/90] Checking Pine...
2026-05-18 18:16:50,382 INFO       Pine: Found 1 potential sale(s)
2026-05-18 18:16:52,383 INFO     [59/90] Checking Pipestone...
2026-05-18 18:16:52,698 DEBUG      Pipestone: Found 3 PDF links, checking...
2026-05-18 18:16:56,222 INFO       Pipestone: No upcoming sales found
2026-05-18 18:16:58,223 INFO     [60/90] Checking Polk...
2026-05-18 18:16:58,623 INFO       Polk: Found 1 potential sale(s)
2026-05-18 18:17:00,624 INFO       Checking secondary URL...
2026-05-18 18:17:01,054 INFO       Polk: Found 1 potential sale(s)
2026-05-18 18:17:03,054 INFO     [61/90] Checking Pope...
2026-05-18 18:17:03,432 INFO       Pope: Found 1 potential sale(s)
2026-05-18 18:17:05,433 INFO     [62/90] Checking Ramsey...
2026-05-18 18:17:07,015 WARNING    Ramsey: http_404
2026-05-18 18:17:09,016 INFO       Checking secondary URL...
2026-05-18 18:17:09,453 INFO       Ramsey: Found 1 potential sale(s)
2026-05-18 18:17:11,453 INFO     [63/90] Checking Red Lake...
2026-05-18 18:17:11,725 INFO       Red Lake: Page too short, flagged for manual review
2026-05-18 18:17:13,725 INFO     [64/90] Checking Redwood...
2026-05-18 18:17:14,074 INFO       Redwood: Found 2 potential sale(s)
2026-05-18 18:17:16,075 INFO     [65/90] Checking Renville...
2026-05-18 18:17:16,450 WARNING    Renville: http_404
2026-05-18 18:17:18,450 INFO     [66/90] Checking Rice...
2026-05-18 18:17:18,890 INFO       Rice: No upcoming sales found
2026-05-18 18:17:20,891 INFO     [67/90] Checking Rock...
2026-05-18 18:17:21,113 DEBUG      Rock: Found 5 PDF links, checking...
2026-05-18 18:17:30,953 INFO       Rock: No upcoming sales found
2026-05-18 18:17:32,954 INFO     [68/90] Checking Roseau...
2026-05-18 18:17:34,394 INFO       Roseau: Found 1 potential sale(s)
2026-05-18 18:17:36,395 INFO     [69/90] Checking Saint Louis...
2026-05-18 18:17:37,373 INFO       Saint Louis: Found 1 potential sale(s)
2026-05-18 18:17:39,374 INFO     [70/90] Checking Scott...
2026-05-18 18:17:39,522 WARNING    Scott: http_404
2026-05-18 18:17:41,523 INFO       Checking secondary URL...
2026-05-18 18:17:41,947 INFO       Scott: Found 1 potential sale(s)
2026-05-18 18:17:43,948 INFO     [71/90] Checking Sherburne...
2026-05-18 18:17:44,341 INFO       Sherburne: Found 1 potential sale(s)
2026-05-18 18:17:46,342 INFO     [72/90] Checking Sibley...
2026-05-18 18:17:46,676 WARNING    Sibley: http_404
2026-05-18 18:17:48,676 INFO       Checking secondary URL...
2026-05-18 18:17:49,011 INFO       Sibley: Found 1 potential sale(s)
2026-05-18 18:17:51,012 INFO     [73/90] Checking Stearns...
2026-05-18 18:17:51,697 INFO       Stearns: Found 1 potential sale(s)
2026-05-18 18:17:53,698 INFO     [74/90] Checking Steele...
2026-05-18 18:17:53,929 INFO       Steele: Found 1 potential sale(s)
2026-05-18 18:17:55,929 INFO     [75/90] Checking Stevens...
2026-05-18 18:17:56,321 INFO       Stevens: Found 1 potential sale(s)
2026-05-18 18:17:58,321 INFO     [76/90] Checking Swift...
2026-05-18 18:17:58,986 WARNING    Swift: http_404
2026-05-18 18:18:00,987 INFO     [77/90] Checking Todd...
2026-05-18 18:18:31,055 DEBUG    Timeout on https://www.co.todd.mn.us/divisions/property-records/auditor-treasurer/#1536095103838-5b7732a8-e005 (attempt 1)
2026-05-18 18:19:03,134 DEBUG    Timeout on https://www.co.todd.mn.us/divisions/property-records/auditor-treasurer/#1536095103838-5b7732a8-e005 (attempt 2)
2026-05-18 18:19:37,183 DEBUG    Timeout on https://www.co.todd.mn.us/divisions/property-records/auditor-treasurer/#1536095103838-5b7732a8-e005 (attempt 3)
2026-05-18 18:19:37,183 WARNING    Todd: timeout
2026-05-18 18:19:39,184 INFO     [78/90] Checking Traverse...
2026-05-18 18:19:39,752 DEBUG      Traverse: Found 1 PDF links, checking...
2026-05-18 18:19:41,124 INFO       Traverse: No upcoming sales found
2026-05-18 18:19:43,125 INFO     [79/90] Checking Wabasha...
2026-05-18 18:19:43,270 INFO       Wabasha: Found 1 potential sale(s)
2026-05-18 18:19:45,271 INFO     [80/90] Checking Wadena...
2026-05-18 18:19:45,581 INFO       Wadena: Found 1 potential sale(s)
2026-05-18 18:19:47,582 INFO     [81/90] Checking Waseca...
2026-05-18 18:19:47,980 INFO       Waseca: Found 1 potential sale(s)
2026-05-18 18:19:49,981 INFO     [82/90] Checking Washington...
2026-05-18 18:19:50,269 WARNING    Washington: http_404
2026-05-18 18:19:52,270 INFO     [83/90] Checking Watonwan...
2026-05-18 18:19:52,751 INFO       Watonwan: Found 1 potential sale(s)
2026-05-18 18:19:54,752 INFO     [84/90] Checking Wilkin...
2026-05-18 18:19:55,919 INFO       Wilkin: Found 1 potential sale(s)
2026-05-18 18:19:57,919 INFO     [85/90] Checking Winona...
2026-05-18 18:19:58,764 INFO       Winona: Found 1 potential sale(s)
2026-05-18 18:20:00,765 INFO     [86/90] Checking Wright...
2026-05-18 18:20:01,391 INFO       Wright: Found 1 potential sale(s)
2026-05-18 18:20:03,392 INFO     [87/90] Checking Yellow Medicine...
2026-05-18 18:20:03,718 INFO       Yellow Medicine: Found 1 potential sale(s)
2026-05-18 18:20:05,719 INFO     [88/90] Checking DNR...
2026-05-18 18:20:05,819 INFO       DNR: Found 1 potential sale(s)
2026-05-18 18:20:07,820 INFO     [89/90] Checking MN DOT...
2026-05-18 18:20:08,013 INFO       MN DOT: Found 1 potential sale(s)
2026-05-18 18:20:10,013 INFO     [90/90] Checking Wisconsin...
2026-05-18 18:20:15,756 INFO       Wisconsin: No upcoming sales found
2026-05-18 18:20:17,756 INFO     ============================================================
2026-05-18 18:20:17,757 INFO     Checking complete in 6.3 minutes
2026-05-18 18:20:17,757 INFO     Found 81 unique sales (from 83 raw matches)
2026-05-18 18:20:17,759 INFO     Updated sources CSV with check dates
2026-05-18 18:20:17,759 INFO     Markdown report written to /home/runner/work/mn-tax-forfeiture-tracker/mn-tax-forfeiture-tracker/reports/weekly_report_2026-05-18.md
2026-05-18 18:20:17,760 INFO     CSV report written to /home/runner/work/mn-tax-forfeiture-tracker/mn-tax-forfeiture-tracker/reports/weekly_report_2026-05-18.csv
2026-05-18 18:20:17,761 INFO     Check log written to /home/runner/work/mn-tax-forfeiture-tracker/mn-tax-forfeiture-tracker/logs/check_log_2026-05-18.csv
2026-05-18 18:20:17,761 INFO     ============================================================
2026-05-18 18:20:17,761 INFO     SUMMARY
2026-05-18 18:20:17,761 INFO       Total sources checked: 98
2026-05-18 18:20:17,761 INFO       Unique sales found: 81
2026-05-18 18:20:17,761 INFO       error_connection_error: 2
2026-05-18 18:20:17,761 INFO       error_http_403: 3
2026-05-18 18:20:17,761 INFO       error_http_404: 11
2026-05-18 18:20:17,761 INFO       error_timeout: 1
2026-05-18 18:20:17,761 INFO       needs_manual_review: 2
2026-05-18 18:20:17,761 INFO       no_sale_found: 7
2026-05-18 18:20:17,761 INFO       sale_found: 72
2026-05-18 18:20:17,761 INFO       Elapsed time: 6.3 minutes
2026-05-18 18:20:17,761 INFO     ============================================================
