2026-06-15 16:13:52,766 INFO     ============================================================
2026-06-15 16:13:52,766 INFO     Minnesota Tax-Forfeited Land Sale Checker
2026-06-15 16:13:52,766 INFO     Run date: 2026-06-15
2026-06-15 16:13:52,767 INFO     ============================================================
2026-06-15 16:13:52,769 INFO     Loaded 90 sources from CSV
2026-06-15 16:13:52,770 INFO     [1/90] Checking Aitkin...
2026-06-15 16:13:53,137 WARNING    Aitkin: http_404
2026-06-15 16:13:55,137 INFO       Checking secondary URL...
2026-06-15 16:13:55,258 INFO       Aitkin: Found 1 potential sale(s)
2026-06-15 16:13:57,258 INFO     [2/90] Checking Anoka...
2026-06-15 16:13:57,908 INFO       Anoka: Found 1 potential sale(s)
2026-06-15 16:13:59,908 INFO     [3/90] Checking Becker...
2026-06-15 16:14:00,806 INFO       Becker: Found 1 potential sale(s)
2026-06-15 16:14:02,806 INFO     [4/90] Checking Beltrami...
2026-06-15 16:14:03,628 INFO       Beltrami: Found 1 potential sale(s)
2026-06-15 16:14:05,629 INFO     [5/90] Checking Benton...
2026-06-15 16:14:07,011 INFO       Benton: Found 1 potential sale(s)
2026-06-15 16:14:09,012 INFO     [6/90] Checking Big Stone...
2026-06-15 16:14:10,225 INFO       Big Stone: Found 1 potential sale(s)
2026-06-15 16:14:12,226 INFO     [7/90] Checking Blue Earth...
2026-06-15 16:14:12,946 INFO       Blue Earth: Found 1 potential sale(s)
2026-06-15 16:14:14,947 INFO     [8/90] Checking Brown...
2026-06-15 16:14:15,366 INFO       Brown: Found 2 potential sale(s)
2026-06-15 16:14:17,367 INFO     [9/90] Checking Carlton...
2026-06-15 16:14:18,200 INFO       Carlton: Found 1 potential sale(s)
2026-06-15 16:14:20,200 INFO     [10/90] Checking Carver...
2026-06-15 16:14:20,511 DEBUG    Connection error on https://www.co.carver.mn.us/departments/property-finance/property-tax/tax-forfeiture-sale (attempt 1)
2026-06-15 16:14:22,835 DEBUG    Connection error on https://www.co.carver.mn.us/departments/property-finance/property-tax/tax-forfeiture-sale (attempt 2)
2026-06-15 16:14:26,980 DEBUG    Connection error on https://www.co.carver.mn.us/departments/property-finance/property-tax/tax-forfeiture-sale (attempt 3)
2026-06-15 16:14:26,980 WARNING    Carver: connection_error: ('Connection aborted.', ConnectionResetError(104, 'Connection reset by peer'))
2026-06-15 16:14:28,981 INFO     [11/90] Checking Cass...
2026-06-15 16:14:29,466 INFO       Cass: Found 1 potential sale(s)
2026-06-15 16:14:31,466 INFO     [12/90] Checking Chippewa...
2026-06-15 16:14:32,246 INFO       Chippewa: Found 1 potential sale(s)
2026-06-15 16:14:34,246 INFO     [13/90] Checking Chisago...
2026-06-15 16:14:34,898 INFO       Chisago: Found 1 potential sale(s)
2026-06-15 16:14:36,899 INFO     [14/90] Checking Clay...
2026-06-15 16:14:37,442 INFO       Clay: Found 1 potential sale(s)
2026-06-15 16:14:39,443 INFO     [15/90] Checking Clearwater...
2026-06-15 16:14:40,118 INFO       Clearwater: Found 1 potential sale(s)
2026-06-15 16:14:42,119 INFO     [16/90] Checking Cook...
2026-06-15 16:14:42,761 INFO       Cook: Found 1 potential sale(s)
2026-06-15 16:14:44,762 INFO     [17/90] Checking Cottonwood...
2026-06-15 16:14:45,608 WARNING    Cottonwood: http_404
2026-06-15 16:14:47,608 INFO     [18/90] Checking Crow Wing...
2026-06-15 16:14:48,316 INFO       Crow Wing: Found 1 potential sale(s)
2026-06-15 16:14:50,317 INFO     [19/90] Checking Dakota...
2026-06-15 16:14:50,714 INFO       Dakota: Found 1 potential sale(s)
2026-06-15 16:14:52,714 INFO     [20/90] Checking Dodge...
2026-06-15 16:14:53,364 INFO       Dodge: Found 1 potential sale(s)
2026-06-15 16:14:55,365 INFO     [21/90] Checking Douglas...
2026-06-15 16:14:55,431 DEBUG    Connection error on https://www.co.douglas.mn.us/tax-forfeited-land (attempt 1)
2026-06-15 16:14:57,470 DEBUG    Connection error on https://www.co.douglas.mn.us/tax-forfeited-land (attempt 2)
2026-06-15 16:15:01,580 DEBUG    Connection error on https://www.co.douglas.mn.us/tax-forfeited-land (attempt 3)
2026-06-15 16:15:01,580 WARNING    Douglas: connection_error: HTTPSConnectionPool(host='www.co.douglas.mn.us', port=443): Max retries exceeded with url: /tax-forfeited-land (Caused by NameResolutionError("HTTPSConnection(host='www.co.douglas.mn.us', port=443): Failed to resolve 'www.co.douglas.mn.us' ([Errno -2] Name or service not known)"))
2026-06-15 16:15:03,581 INFO     [22/90] Checking Faribault...
2026-06-15 16:15:04,102 WARNING    Faribault: http_404
2026-06-15 16:15:06,102 INFO     [23/90] Checking Fillmore...
2026-06-15 16:15:06,447 INFO       Fillmore: Found 1 potential sale(s)
2026-06-15 16:15:08,448 INFO     [24/90] Checking Freeborn...
2026-06-15 16:15:08,890 INFO       Freeborn: Found 1 potential sale(s)
2026-06-15 16:15:10,891 INFO     [25/90] Checking Goodhue...
2026-06-15 16:15:12,344 INFO       Goodhue: Found 1 potential sale(s)
2026-06-15 16:15:14,345 INFO     [26/90] Checking Grant...
2026-06-15 16:15:14,859 INFO       Grant: Found 1 potential sale(s)
2026-06-15 16:15:16,860 INFO     [27/90] Checking Hennepin...
2026-06-15 16:15:20,835 WARNING    Hennepin: http_404
2026-06-15 16:15:22,836 INFO     [28/90] Checking Houston...
2026-06-15 16:15:23,536 INFO       Houston: Found 1 potential sale(s)
2026-06-15 16:15:25,537 INFO     [29/90] Checking Hubbard...
2026-06-15 16:15:26,295 INFO       Hubbard: Found 1 potential sale(s)
2026-06-15 16:15:28,296 INFO     [30/90] Checking Isanti...
2026-06-15 16:15:29,052 INFO       Isanti: Found 3 potential sale(s)
2026-06-15 16:15:31,053 INFO     [31/90] Checking Itasca...
2026-06-15 16:15:32,568 INFO       Itasca: Found 1 potential sale(s)
2026-06-15 16:15:34,568 INFO       Checking secondary URL...
2026-06-15 16:15:35,833 INFO       Itasca: Found 4 potential sale(s)
2026-06-15 16:15:37,833 INFO     [32/90] Checking Jackson...
2026-06-15 16:15:38,744 INFO       Jackson: Found 1 potential sale(s)
2026-06-15 16:15:40,745 INFO     [33/90] Checking Kanabec...
2026-06-15 16:15:41,249 INFO       Kanabec: Found 8 potential sale(s)
2026-06-15 16:15:43,250 INFO     [34/90] Checking Kandiyohi...
2026-06-15 16:15:43,571 INFO       Kandiyohi: Found 1 potential sale(s)
2026-06-15 16:15:45,571 INFO     [35/90] Checking Kittson...
2026-06-15 16:15:45,878 INFO       Kittson: Found 1 potential sale(s)
2026-06-15 16:15:47,879 INFO     [36/90] Checking Koochiching...
2026-06-15 16:15:48,353 INFO       Koochiching: Found 1 potential sale(s)
2026-06-15 16:15:50,354 INFO     [37/90] Checking Lac qui Parle...
2026-06-15 16:15:51,210 INFO       Lac qui Parle: Found 1 potential sale(s)
2026-06-15 16:15:53,211 INFO     [38/90] Checking Lake...
2026-06-15 16:15:53,694 INFO       Lake: Found 1 potential sale(s)
2026-06-15 16:15:55,695 INFO     [39/90] Checking Lake of the Woods...
2026-06-15 16:15:58,610 INFO       Lake of the Woods: Found 1 potential sale(s)
2026-06-15 16:16:00,610 INFO       Checking secondary URL...
2026-06-15 16:16:01,209 INFO       Lake of the Woods: Found 1 potential sale(s)
2026-06-15 16:16:03,210 INFO     [40/90] Checking Le Sueur...
2026-06-15 16:16:03,758 INFO       Le Sueur: Found 1 potential sale(s)
2026-06-15 16:16:05,758 INFO       Checking secondary URL...
2026-06-15 16:16:06,546 INFO       Le Sueur: Found 1 potential sale(s)
2026-06-15 16:16:08,547 INFO     [41/90] Checking Lincoln...
2026-06-15 16:16:09,165 DEBUG      Lincoln: Found 4 PDF links, checking...
2026-06-15 16:16:15,294 INFO       Lincoln: No upcoming sales found
2026-06-15 16:16:17,295 INFO     [42/90] Checking Lyon...
2026-06-15 16:16:22,366 WARNING    Lyon: http_403
2026-06-15 16:16:24,367 INFO     [43/90] Checking Mahnomen...
2026-06-15 16:16:24,802 WARNING    Mahnomen: http_404
2026-06-15 16:16:26,803 INFO     [44/90] Checking Marshall...
2026-06-15 16:16:28,516 DEBUG      Marshall: Found 1 PDF links, checking...
2026-06-15 16:16:30,099 INFO       Marshall: No upcoming sales found
2026-06-15 16:16:32,100 INFO     [45/90] Checking Martin...
2026-06-15 16:16:32,626 INFO       Martin: Found 1 potential sale(s)
2026-06-15 16:16:34,627 INFO     [46/90] Checking McLeod...
2026-06-15 16:16:35,206 INFO       McLeod: Found 1 potential sale(s)
2026-06-15 16:16:37,207 INFO     [47/90] Checking Meeker...
2026-06-15 16:16:37,957 INFO       Meeker: Found 1 potential sale(s)
2026-06-15 16:16:39,958 INFO     [48/90] Checking Mille Lacs...
2026-06-15 16:16:40,421 INFO       Mille Lacs: Found 1 potential sale(s)
2026-06-15 16:16:42,422 INFO     [49/90] Checking Morrison...
2026-06-15 16:16:43,939 INFO       Morrison: Found 1 potential sale(s)
2026-06-15 16:16:45,940 INFO     [50/90] Checking Mower...
2026-06-15 16:16:46,426 INFO       Mower: Found 1 potential sale(s)
2026-06-15 16:16:48,427 INFO     [51/90] Checking Murray...
2026-06-15 16:16:48,916 WARNING    Murray: http_404
2026-06-15 16:16:50,917 INFO     [52/90] Checking Nicollet...
2026-06-15 16:16:52,165 INFO       Nicollet: Found 1 potential sale(s)
2026-06-15 16:16:54,166 INFO     [53/90] Checking Nobles...
2026-06-15 16:16:55,413 INFO       Nobles: Found 1 potential sale(s)
2026-06-15 16:16:57,414 INFO     [54/90] Checking Norman...
2026-06-15 16:16:58,028 INFO       Norman: Found 1 potential sale(s)
2026-06-15 16:17:00,029 INFO     [55/90] Checking Olmsted...
2026-06-15 16:17:00,270 INFO       Olmsted: Found 1 potential sale(s)
2026-06-15 16:17:02,270 INFO     [56/90] Checking Otter Tail...
2026-06-15 16:17:02,551 WARNING    Otter Tail: http_403
2026-06-15 16:17:04,551 INFO     [57/90] Checking Pennington...
2026-06-15 16:17:05,562 WARNING    Pennington: http_404
2026-06-15 16:17:07,563 INFO     [58/90] Checking Pine...
2026-06-15 16:17:08,167 INFO       Pine: Found 1 potential sale(s)
2026-06-15 16:17:10,168 INFO     [59/90] Checking Pipestone...
2026-06-15 16:17:10,961 DEBUG      Pipestone: Found 3 PDF links, checking...
2026-06-15 16:17:15,314 INFO       Pipestone: No upcoming sales found
2026-06-15 16:17:17,315 INFO     [60/90] Checking Polk...
2026-06-15 16:17:17,967 INFO       Polk: Found 1 potential sale(s)
2026-06-15 16:17:19,967 INFO       Checking secondary URL...
2026-06-15 16:17:20,659 INFO       Polk: Found 1 potential sale(s)
2026-06-15 16:17:22,660 INFO     [61/90] Checking Pope...
2026-06-15 16:17:22,969 INFO       Pope: Found 1 potential sale(s)
2026-06-15 16:17:24,969 INFO     [62/90] Checking Ramsey...
2026-06-15 16:17:25,821 WARNING    Ramsey: http_404
2026-06-15 16:17:27,822 INFO       Checking secondary URL...
2026-06-15 16:17:28,349 INFO       Ramsey: Found 1 potential sale(s)
2026-06-15 16:17:30,350 INFO     [63/90] Checking Red Lake...
2026-06-15 16:17:30,966 INFO       Red Lake: Page too short, flagged for manual review
2026-06-15 16:17:32,967 INFO     [64/90] Checking Redwood...
2026-06-15 16:17:33,578 INFO       Redwood: Found 1 potential sale(s)
2026-06-15 16:17:35,578 INFO     [65/90] Checking Renville...
2026-06-15 16:17:36,236 WARNING    Renville: http_404
2026-06-15 16:17:38,237 INFO     [66/90] Checking Rice...
2026-06-15 16:17:38,864 INFO       Rice: No upcoming sales found
2026-06-15 16:17:40,865 INFO     [67/90] Checking Rock...
2026-06-15 16:17:41,674 DEBUG      Rock: Found 5 PDF links, checking...
2026-06-15 16:17:53,856 INFO       Rock: No upcoming sales found
2026-06-15 16:17:55,857 INFO     [68/90] Checking Roseau...
2026-06-15 16:17:57,377 INFO       Roseau: Found 1 potential sale(s)
2026-06-15 16:17:59,378 INFO     [69/90] Checking Saint Louis...
2026-06-15 16:18:00,456 INFO       Saint Louis: Found 1 potential sale(s)
2026-06-15 16:18:02,456 INFO     [70/90] Checking Scott...
2026-06-15 16:18:02,703 WARNING    Scott: http_404
2026-06-15 16:18:04,703 INFO       Checking secondary URL...
2026-06-15 16:18:05,130 INFO       Scott: Found 1 potential sale(s)
2026-06-15 16:18:07,131 INFO     [71/90] Checking Sherburne...
2026-06-15 16:18:07,594 INFO       Sherburne: Found 1 potential sale(s)
2026-06-15 16:18:09,594 INFO     [72/90] Checking Sibley...
2026-06-15 16:18:10,218 WARNING    Sibley: http_404
2026-06-15 16:18:12,218 INFO       Checking secondary URL...
2026-06-15 16:18:12,730 INFO       Sibley: Found 1 potential sale(s)
2026-06-15 16:18:14,730 INFO     [73/90] Checking Stearns...
2026-06-15 16:18:15,389 INFO       Stearns: Found 1 potential sale(s)
2026-06-15 16:18:17,390 INFO     [74/90] Checking Steele...
2026-06-15 16:18:18,166 INFO       Steele: Found 1 potential sale(s)
2026-06-15 16:18:20,167 INFO     [75/90] Checking Stevens...
2026-06-15 16:18:20,862 INFO       Stevens: Found 1 potential sale(s)
2026-06-15 16:18:22,862 INFO     [76/90] Checking Swift...
2026-06-15 16:18:23,906 WARNING    Swift: http_404
2026-06-15 16:18:25,907 INFO     [77/90] Checking Todd...
2026-06-15 16:18:56,054 DEBUG    Timeout on https://www.co.todd.mn.us/divisions/property-records/auditor-treasurer/#1536095103838-5b7732a8-e005 (attempt 1)
2026-06-15 16:19:28,135 DEBUG    Timeout on https://www.co.todd.mn.us/divisions/property-records/auditor-treasurer/#1536095103838-5b7732a8-e005 (attempt 2)
2026-06-15 16:20:02,221 DEBUG    Timeout on https://www.co.todd.mn.us/divisions/property-records/auditor-treasurer/#1536095103838-5b7732a8-e005 (attempt 3)
2026-06-15 16:20:02,221 WARNING    Todd: timeout
2026-06-15 16:20:04,221 INFO     [78/90] Checking Traverse...
2026-06-15 16:20:06,055 DEBUG      Traverse: Found 1 PDF links, checking...
2026-06-15 16:20:09,017 INFO       Traverse: No upcoming sales found
2026-06-15 16:20:11,017 INFO     [79/90] Checking Wabasha...
2026-06-15 16:20:11,447 INFO       Wabasha: Found 1 potential sale(s)
2026-06-15 16:20:13,448 INFO     [80/90] Checking Wadena...
2026-06-15 16:20:14,112 INFO       Wadena: Found 1 potential sale(s)
2026-06-15 16:20:16,113 INFO     [81/90] Checking Waseca...
2026-06-15 16:20:21,618 INFO       Waseca: Found 1 potential sale(s)
2026-06-15 16:20:23,618 INFO     [82/90] Checking Washington...
2026-06-15 16:20:24,217 WARNING    Washington: http_404
2026-06-15 16:20:26,218 INFO     [83/90] Checking Watonwan...
2026-06-15 16:20:27,690 INFO       Watonwan: Found 1 potential sale(s)
2026-06-15 16:20:29,691 INFO     [84/90] Checking Wilkin...
2026-06-15 16:20:40,288 INFO       Wilkin: Found 1 potential sale(s)
2026-06-15 16:20:42,289 INFO     [85/90] Checking Winona...
2026-06-15 16:20:43,302 INFO       Winona: Found 1 potential sale(s)
2026-06-15 16:20:45,302 INFO     [86/90] Checking Wright...
2026-06-15 16:20:46,126 WARNING    Wright: http_404
2026-06-15 16:20:48,126 INFO     [87/90] Checking Yellow Medicine...
2026-06-15 16:20:48,586 INFO       Yellow Medicine: Found 1 potential sale(s)
2026-06-15 16:20:50,587 INFO     [88/90] Checking DNR...
2026-06-15 16:20:50,813 INFO       DNR: Found 1 potential sale(s)
2026-06-15 16:20:52,814 INFO     [89/90] Checking MN DOT...
2026-06-15 16:20:53,074 INFO       MN DOT: Found 1 potential sale(s)
2026-06-15 16:20:55,075 INFO     [90/90] Checking Wisconsin...
2026-06-15 16:21:01,062 INFO       Wisconsin: No upcoming sales found
2026-06-15 16:21:03,063 INFO     ============================================================
2026-06-15 16:21:03,063 INFO     Checking complete in 7.2 minutes
2026-06-15 16:21:03,063 INFO     Found 81 unique sales (from 84 raw matches)
2026-06-15 16:21:03,065 INFO     Updated sources CSV with check dates
2026-06-15 16:21:03,066 INFO     Markdown report written to /home/runner/work/mn-tax-forfeiture-tracker/mn-tax-forfeiture-tracker/reports/weekly_report_2026-06-15.md
2026-06-15 16:21:03,067 INFO     CSV report written to /home/runner/work/mn-tax-forfeiture-tracker/mn-tax-forfeiture-tracker/reports/weekly_report_2026-06-15.csv
2026-06-15 16:21:03,067 INFO     Check log written to /home/runner/work/mn-tax-forfeiture-tracker/mn-tax-forfeiture-tracker/logs/check_log_2026-06-15.csv
2026-06-15 16:21:03,067 INFO     ============================================================
2026-06-15 16:21:03,067 INFO     SUMMARY
2026-06-15 16:21:03,067 INFO       Total sources checked: 98
2026-06-15 16:21:03,067 INFO       Unique sales found: 81
2026-06-15 16:21:03,067 INFO       error_connection_error: 2
2026-06-15 16:21:03,067 INFO       error_http_403: 2
2026-06-15 16:21:03,068 INFO       error_http_404: 14
2026-06-15 16:21:03,068 INFO       error_timeout: 1
2026-06-15 16:21:03,068 INFO       needs_manual_review: 1
2026-06-15 16:21:03,068 INFO       no_sale_found: 7
2026-06-15 16:21:03,068 INFO       sale_found: 71
2026-06-15 16:21:03,068 INFO       Elapsed time: 7.2 minutes
2026-06-15 16:21:03,068 INFO     ============================================================
