2026-06-29 14:44:09,605 INFO     ============================================================
2026-06-29 14:44:09,605 INFO     Minnesota Tax-Forfeited Land Sale Checker
2026-06-29 14:44:09,606 INFO     Run date: 2026-06-29
2026-06-29 14:44:09,606 INFO     ============================================================
2026-06-29 14:44:09,608 INFO     Loaded 90 sources from CSV
2026-06-29 14:44:09,609 INFO     [1/90] Checking Aitkin...
2026-06-29 14:44:09,891 WARNING    Aitkin: http_404
2026-06-29 14:44:11,891 INFO       Checking secondary URL...
2026-06-29 14:44:12,099 INFO       Aitkin: Found 1 potential sale(s)
2026-06-29 14:44:14,100 INFO     [2/90] Checking Anoka...
2026-06-29 14:44:14,836 INFO       Anoka: Found 1 potential sale(s)
2026-06-29 14:44:16,837 INFO     [3/90] Checking Becker...
2026-06-29 14:44:17,637 INFO       Becker: Found 1 potential sale(s)
2026-06-29 14:44:19,637 INFO     [4/90] Checking Beltrami...
2026-06-29 14:44:19,947 INFO       Beltrami: Found 1 potential sale(s)
2026-06-29 14:44:21,948 INFO     [5/90] Checking Benton...
2026-06-29 14:44:23,031 INFO       Benton: Found 1 potential sale(s)
2026-06-29 14:44:25,032 INFO     [6/90] Checking Big Stone...
2026-06-29 14:44:26,276 INFO       Big Stone: Found 1 potential sale(s)
2026-06-29 14:44:28,277 INFO     [7/90] Checking Blue Earth...
2026-06-29 14:44:28,982 INFO       Blue Earth: Found 1 potential sale(s)
2026-06-29 14:44:30,982 INFO     [8/90] Checking Brown...
2026-06-29 14:44:31,557 INFO       Brown: Found 2 potential sale(s)
2026-06-29 14:44:33,558 INFO     [9/90] Checking Carlton...
2026-06-29 14:44:34,412 INFO       Carlton: Found 1 potential sale(s)
2026-06-29 14:44:36,413 INFO     [10/90] Checking Carver...
2026-06-29 14:44:36,608 DEBUG    Connection error on https://www.co.carver.mn.us/departments/property-finance/property-tax/tax-forfeiture-sale (attempt 1)
2026-06-29 14:44:38,667 DEBUG    Connection error on https://www.co.carver.mn.us/departments/property-finance/property-tax/tax-forfeiture-sale (attempt 2)
2026-06-29 14:44:42,788 DEBUG    Connection error on https://www.co.carver.mn.us/departments/property-finance/property-tax/tax-forfeiture-sale (attempt 3)
2026-06-29 14:44:42,788 WARNING    Carver: connection_error: ('Connection aborted.', ConnectionResetError(104, 'Connection reset by peer'))
2026-06-29 14:44:44,789 INFO     [11/90] Checking Cass...
2026-06-29 14:44:45,216 INFO       Cass: Found 1 potential sale(s)
2026-06-29 14:44:47,217 INFO     [12/90] Checking Chippewa...
2026-06-29 14:44:47,963 INFO       Chippewa: Found 1 potential sale(s)
2026-06-29 14:44:49,963 INFO     [13/90] Checking Chisago...
2026-06-29 14:44:50,523 INFO       Chisago: Found 1 potential sale(s)
2026-06-29 14:44:52,524 INFO     [14/90] Checking Clay...
2026-06-29 14:44:53,196 INFO       Clay: Found 1 potential sale(s)
2026-06-29 14:44:55,196 INFO     [15/90] Checking Clearwater...
2026-06-29 14:44:55,429 INFO       Clearwater: Found 1 potential sale(s)
2026-06-29 14:44:57,430 INFO     [16/90] Checking Cook...
2026-06-29 14:44:58,246 INFO       Cook: Found 1 potential sale(s)
2026-06-29 14:45:00,246 INFO     [17/90] Checking Cottonwood...
2026-06-29 14:45:01,019 WARNING    Cottonwood: http_404
2026-06-29 14:45:03,020 INFO     [18/90] Checking Crow Wing...
2026-06-29 14:45:03,787 INFO       Crow Wing: Found 1 potential sale(s)
2026-06-29 14:45:05,788 INFO     [19/90] Checking Dakota...
2026-06-29 14:45:06,257 INFO       Dakota: Found 1 potential sale(s)
2026-06-29 14:45:08,258 INFO     [20/90] Checking Dodge...
2026-06-29 14:45:08,602 INFO       Dodge: Found 1 potential sale(s)
2026-06-29 14:45:10,603 INFO     [21/90] Checking Douglas...
2026-06-29 14:45:10,678 DEBUG    Connection error on https://www.co.douglas.mn.us/tax-forfeited-land (attempt 1)
2026-06-29 14:45:12,740 DEBUG    Connection error on https://www.co.douglas.mn.us/tax-forfeited-land (attempt 2)
2026-06-29 14:45:16,791 DEBUG    Connection error on https://www.co.douglas.mn.us/tax-forfeited-land (attempt 3)
2026-06-29 14:45:16,792 WARNING    Douglas: connection_error: HTTPSConnectionPool(host='www.co.douglas.mn.us', port=443): Max retries exceeded with url: /tax-forfeited-land (Caused by NameResolutionError("HTTPSConnection(host='www.co.douglas.mn.us', port=443): Failed to resolve 'www.co.douglas.mn.us' ([Errno -2] Name or service not known)"))
2026-06-29 14:45:18,792 INFO     [22/90] Checking Faribault...
2026-06-29 14:45:19,210 WARNING    Faribault: http_404
2026-06-29 14:45:21,211 INFO     [23/90] Checking Fillmore...
2026-06-29 14:45:21,558 INFO       Fillmore: Found 1 potential sale(s)
2026-06-29 14:45:23,559 INFO     [24/90] Checking Freeborn...
2026-06-29 14:45:24,027 INFO       Freeborn: Found 1 potential sale(s)
2026-06-29 14:45:26,027 INFO     [25/90] Checking Goodhue...
2026-06-29 14:45:26,797 INFO       Goodhue: Found 1 potential sale(s)
2026-06-29 14:45:28,798 INFO     [26/90] Checking Grant...
2026-06-29 14:45:29,283 INFO       Grant: Found 1 potential sale(s)
2026-06-29 14:45:31,284 INFO     [27/90] Checking Hennepin...
2026-06-29 14:45:31,625 WARNING    Hennepin: http_404
2026-06-29 14:45:33,626 INFO     [28/90] Checking Houston...
2026-06-29 14:45:34,408 INFO       Houston: Found 1 potential sale(s)
2026-06-29 14:45:36,408 INFO     [29/90] Checking Hubbard...
2026-06-29 14:45:36,835 INFO       Hubbard: Found 1 potential sale(s)
2026-06-29 14:45:38,836 INFO     [30/90] Checking Isanti...
2026-06-29 14:45:39,391 INFO       Isanti: Found 1 potential sale(s)
2026-06-29 14:45:41,391 INFO     [31/90] Checking Itasca...
2026-06-29 14:45:42,818 INFO       Itasca: Found 1 potential sale(s)
2026-06-29 14:45:44,818 INFO       Checking secondary URL...
2026-06-29 14:45:47,474 INFO       Itasca: Found 2 potential sale(s)
2026-06-29 14:45:49,475 INFO     [32/90] Checking Jackson...
2026-06-29 14:45:49,920 INFO       Jackson: Found 1 potential sale(s)
2026-06-29 14:45:51,921 INFO     [33/90] Checking Kanabec...
2026-06-29 14:45:52,194 INFO       Kanabec: Found 7 potential sale(s)
2026-06-29 14:45:54,195 INFO     [34/90] Checking Kandiyohi...
2026-06-29 14:45:54,499 INFO       Kandiyohi: Found 1 potential sale(s)
2026-06-29 14:45:56,500 INFO     [35/90] Checking Kittson...
2026-06-29 14:45:56,794 INFO       Kittson: Found 1 potential sale(s)
2026-06-29 14:45:58,795 INFO     [36/90] Checking Koochiching...
2026-06-29 14:45:59,238 INFO       Koochiching: Found 1 potential sale(s)
2026-06-29 14:46:01,238 INFO     [37/90] Checking Lac qui Parle...
2026-06-29 14:46:02,026 INFO       Lac qui Parle: Found 1 potential sale(s)
2026-06-29 14:46:04,027 INFO     [38/90] Checking Lake...
2026-06-29 14:46:04,521 INFO       Lake: Found 1 potential sale(s)
2026-06-29 14:46:06,522 INFO     [39/90] Checking Lake of the Woods...
2026-06-29 14:46:09,453 INFO       Lake of the Woods: Found 1 potential sale(s)
2026-06-29 14:46:11,453 INFO       Checking secondary URL...
2026-06-29 14:46:13,936 INFO       Lake of the Woods: Found 1 potential sale(s)
2026-06-29 14:46:15,937 INFO     [40/90] Checking Le Sueur...
2026-06-29 14:46:16,496 INFO       Le Sueur: Found 1 potential sale(s)
2026-06-29 14:46:18,497 INFO       Checking secondary URL...
2026-06-29 14:46:19,361 INFO       Le Sueur: Found 1 potential sale(s)
2026-06-29 14:46:21,362 INFO     [41/90] Checking Lincoln...
2026-06-29 14:46:22,395 DEBUG      Lincoln: Found 4 PDF links, checking...
2026-06-29 14:46:29,340 INFO       Lincoln: No upcoming sales found
2026-06-29 14:46:31,342 INFO     [42/90] Checking Lyon...
2026-06-29 14:46:31,766 WARNING    Lyon: http_403
2026-06-29 14:46:33,767 INFO     [43/90] Checking Mahnomen...
2026-06-29 14:46:34,316 WARNING    Mahnomen: http_404
2026-06-29 14:46:36,317 INFO     [44/90] Checking Marshall...
2026-06-29 14:46:36,632 DEBUG      Marshall: Found 1 PDF links, checking...
2026-06-29 14:46:37,801 INFO       Marshall: No upcoming sales found
2026-06-29 14:46:39,802 INFO     [45/90] Checking Martin...
2026-06-29 14:46:39,957 INFO       Martin: Found 1 potential sale(s)
2026-06-29 14:46:41,957 INFO     [46/90] Checking McLeod...
2026-06-29 14:46:42,803 INFO       McLeod: Found 1 potential sale(s)
2026-06-29 14:46:44,803 INFO     [47/90] Checking Meeker...
2026-06-29 14:46:45,517 INFO       Meeker: Found 1 potential sale(s)
2026-06-29 14:46:47,518 INFO     [48/90] Checking Mille Lacs...
2026-06-29 14:46:47,959 INFO       Mille Lacs: Found 1 potential sale(s)
2026-06-29 14:46:49,960 INFO     [49/90] Checking Morrison...
2026-06-29 14:46:50,459 INFO       Morrison: Found 1 potential sale(s)
2026-06-29 14:46:52,460 INFO     [50/90] Checking Mower...
2026-06-29 14:46:53,873 INFO       Mower: Found 1 potential sale(s)
2026-06-29 14:46:55,874 INFO     [51/90] Checking Murray...
2026-06-29 14:46:56,032 WARNING    Murray: http_404
2026-06-29 14:46:58,033 INFO     [52/90] Checking Nicollet...
2026-06-29 14:46:58,748 INFO       Nicollet: Found 1 potential sale(s)
2026-06-29 14:47:00,749 INFO     [53/90] Checking Nobles...
2026-06-29 14:47:02,233 INFO       Nobles: Found 1 potential sale(s)
2026-06-29 14:47:04,233 INFO     [54/90] Checking Norman...
2026-06-29 14:47:04,830 INFO       Norman: Found 1 potential sale(s)
2026-06-29 14:47:06,831 INFO     [55/90] Checking Olmsted...
2026-06-29 14:47:07,042 INFO       Olmsted: Found 1 potential sale(s)
2026-06-29 14:47:09,043 INFO     [56/90] Checking Otter Tail...
2026-06-29 14:47:09,190 WARNING    Otter Tail: http_403
2026-06-29 14:47:11,191 INFO     [57/90] Checking Pennington...
2026-06-29 14:47:11,636 INFO       Pennington: Found 1 potential sale(s)
2026-06-29 14:47:13,637 INFO     [58/90] Checking Pine...
2026-06-29 14:47:14,301 INFO       Pine: Found 1 potential sale(s)
2026-06-29 14:47:16,302 INFO     [59/90] Checking Pipestone...
2026-06-29 14:47:16,599 DEBUG      Pipestone: Found 3 PDF links, checking...
2026-06-29 14:47:20,174 INFO       Pipestone: No upcoming sales found
2026-06-29 14:47:22,175 INFO     [60/90] Checking Polk...
2026-06-29 14:47:22,875 INFO       Polk: Found 1 potential sale(s)
2026-06-29 14:47:24,875 INFO       Checking secondary URL...
2026-06-29 14:47:25,403 INFO       Polk: Found 1 potential sale(s)
2026-06-29 14:47:27,404 INFO     [61/90] Checking Pope...
2026-06-29 14:47:27,737 INFO       Pope: Found 1 potential sale(s)
2026-06-29 14:47:29,737 INFO     [62/90] Checking Ramsey...
2026-06-29 14:47:30,206 WARNING    Ramsey: http_404
2026-06-29 14:47:32,206 INFO       Checking secondary URL...
2026-06-29 14:47:32,392 INFO       Ramsey: Found 1 potential sale(s)
2026-06-29 14:47:34,392 INFO     [63/90] Checking Red Lake...
2026-06-29 14:47:34,582 INFO       Red Lake: Page too short, flagged for manual review
2026-06-29 14:47:36,582 INFO     [64/90] Checking Redwood...
2026-06-29 14:47:36,902 INFO       Redwood: Found 1 potential sale(s)
2026-06-29 14:47:38,903 INFO     [65/90] Checking Renville...
2026-06-29 14:47:39,576 WARNING    Renville: http_404
2026-06-29 14:47:41,577 INFO     [66/90] Checking Rice...
2026-06-29 14:47:42,116 INFO       Rice: No upcoming sales found
2026-06-29 14:47:44,117 INFO     [67/90] Checking Rock...
2026-06-29 14:47:44,381 DEBUG      Rock: Found 5 PDF links, checking...
2026-06-29 14:47:53,390 INFO       Rock: No upcoming sales found
2026-06-29 14:47:55,391 INFO     [68/90] Checking Roseau...
2026-06-29 14:47:56,801 INFO       Roseau: Found 1 potential sale(s)
2026-06-29 14:47:58,802 INFO     [69/90] Checking Saint Louis...
2026-06-29 14:47:59,959 INFO       Saint Louis: Found 1 potential sale(s)
2026-06-29 14:48:01,959 INFO     [70/90] Checking Scott...
2026-06-29 14:48:02,237 WARNING    Scott: http_404
2026-06-29 14:48:04,237 INFO       Checking secondary URL...
2026-06-29 14:48:04,736 INFO       Scott: Found 1 potential sale(s)
2026-06-29 14:48:06,737 INFO     [71/90] Checking Sherburne...
2026-06-29 14:48:07,228 INFO       Sherburne: Found 1 potential sale(s)
2026-06-29 14:48:09,229 INFO     [72/90] Checking Sibley...
2026-06-29 14:48:09,790 WARNING    Sibley: http_404
2026-06-29 14:48:11,790 INFO       Checking secondary URL...
2026-06-29 14:48:12,319 INFO       Sibley: Found 1 potential sale(s)
2026-06-29 14:48:14,320 INFO     [73/90] Checking Stearns...
2026-06-29 14:48:15,197 INFO       Stearns: Found 1 potential sale(s)
2026-06-29 14:48:17,198 INFO     [74/90] Checking Steele...
2026-06-29 14:48:17,509 INFO       Steele: Found 1 potential sale(s)
2026-06-29 14:48:19,510 INFO     [75/90] Checking Stevens...
2026-06-29 14:48:20,135 INFO       Stevens: Found 1 potential sale(s)
2026-06-29 14:48:22,136 INFO     [76/90] Checking Swift...
2026-06-29 14:48:22,743 WARNING    Swift: http_404
2026-06-29 14:48:24,744 INFO     [77/90] Checking Todd...
2026-06-29 14:48:54,827 DEBUG    Timeout on https://www.co.todd.mn.us/divisions/property-records/auditor-treasurer/#1536095103838-5b7732a8-e005 (attempt 1)
2026-06-29 14:49:26,881 DEBUG    Timeout on https://www.co.todd.mn.us/divisions/property-records/auditor-treasurer/#1536095103838-5b7732a8-e005 (attempt 2)
2026-06-29 14:50:00,989 DEBUG    Timeout on https://www.co.todd.mn.us/divisions/property-records/auditor-treasurer/#1536095103838-5b7732a8-e005 (attempt 3)
2026-06-29 14:50:00,989 WARNING    Todd: timeout
2026-06-29 14:50:02,989 INFO     [78/90] Checking Traverse...
2026-06-29 14:50:03,415 INFO       Traverse: No upcoming sales found
2026-06-29 14:50:05,416 INFO     [79/90] Checking Wabasha...
2026-06-29 14:50:05,536 INFO       Wabasha: Found 1 potential sale(s)
2026-06-29 14:50:07,537 INFO     [80/90] Checking Wadena...
2026-06-29 14:50:08,405 INFO       Wadena: Found 1 potential sale(s)
2026-06-29 14:50:10,406 INFO     [81/90] Checking Waseca...
2026-06-29 14:50:10,903 INFO       Waseca: Found 1 potential sale(s)
2026-06-29 14:50:12,904 INFO     [82/90] Checking Washington...
2026-06-29 14:50:16,558 WARNING    Washington: http_404
2026-06-29 14:50:18,559 INFO     [83/90] Checking Watonwan...
2026-06-29 14:50:19,208 INFO       Watonwan: Found 1 potential sale(s)
2026-06-29 14:50:21,209 INFO     [84/90] Checking Wilkin...
2026-06-29 14:50:21,736 INFO       Wilkin: Found 1 potential sale(s)
2026-06-29 14:50:23,737 INFO     [85/90] Checking Winona...
2026-06-29 14:50:24,655 INFO       Winona: Found 1 potential sale(s)
2026-06-29 14:50:26,655 INFO     [86/90] Checking Wright...
2026-06-29 14:50:27,467 WARNING    Wright: http_404
2026-06-29 14:50:29,468 INFO     [87/90] Checking Yellow Medicine...
2026-06-29 14:50:29,811 INFO       Yellow Medicine: Found 1 potential sale(s)
2026-06-29 14:50:31,812 INFO     [88/90] Checking DNR...
2026-06-29 14:50:31,940 INFO       DNR: Found 1 potential sale(s)
2026-06-29 14:50:33,940 INFO     [89/90] Checking MN DOT...
2026-06-29 14:50:34,330 INFO       MN DOT: Found 3 potential sale(s)
2026-06-29 14:50:36,331 INFO     [90/90] Checking Wisconsin...
2026-06-29 14:50:38,829 INFO       Wisconsin: No upcoming sales found
2026-06-29 14:50:40,830 INFO     ============================================================
2026-06-29 14:50:40,830 INFO     Checking complete in 6.5 minutes
2026-06-29 14:50:40,830 INFO     Found 79 unique sales (from 82 raw matches)
2026-06-29 14:50:40,832 INFO     Updated sources CSV with check dates
2026-06-29 14:50:40,833 INFO     Markdown report written to /home/runner/work/mn-tax-forfeiture-tracker/mn-tax-forfeiture-tracker/reports/weekly_report_2026-06-29.md
2026-06-29 14:50:40,834 INFO     CSV report written to /home/runner/work/mn-tax-forfeiture-tracker/mn-tax-forfeiture-tracker/reports/weekly_report_2026-06-29.csv
2026-06-29 14:50:40,834 INFO     Check log written to /home/runner/work/mn-tax-forfeiture-tracker/mn-tax-forfeiture-tracker/logs/check_log_2026-06-29.csv
2026-06-29 14:50:40,834 INFO     ============================================================
2026-06-29 14:50:40,834 INFO     SUMMARY
2026-06-29 14:50:40,834 INFO       Total sources checked: 98
2026-06-29 14:50:40,834 INFO       Unique sales found: 79
2026-06-29 14:50:40,834 INFO       error_connection_error: 2
2026-06-29 14:50:40,834 INFO       error_http_403: 2
2026-06-29 14:50:40,835 INFO       error_http_404: 13
2026-06-29 14:50:40,835 INFO       error_timeout: 1
2026-06-29 14:50:40,835 INFO       needs_manual_review: 1
2026-06-29 14:50:40,835 INFO       no_sale_found: 7
2026-06-29 14:50:40,835 INFO       sale_found: 72
2026-06-29 14:50:40,835 INFO       Elapsed time: 6.5 minutes
2026-06-29 14:50:40,835 INFO     ============================================================
