2026-05-15 10:09:59,553 INFO     ============================================================
2026-05-15 10:09:59,553 INFO     Minnesota Tax-Forfeited Land Sale Checker
2026-05-15 10:09:59,553 INFO     Run date: 2026-05-15
2026-05-15 10:09:59,553 INFO     ============================================================
2026-05-15 10:09:59,556 INFO     Loaded 90 sources from CSV
2026-05-15 10:09:59,557 INFO     [1/90] Checking Aitkin...
2026-05-15 10:09:59,937 WARNING    Aitkin: http_404
2026-05-15 10:10:01,943 INFO       Checking secondary URL...
2026-05-15 10:10:02,166 INFO       Aitkin: Found 1 potential sale(s)
2026-05-15 10:10:04,172 INFO     [2/90] Checking Anoka...
2026-05-15 10:10:04,904 INFO       Anoka: Found 1 potential sale(s)
2026-05-15 10:10:06,910 INFO     [3/90] Checking Becker...
2026-05-15 10:10:07,725 INFO       Becker: Found 1 potential sale(s)
2026-05-15 10:10:09,732 INFO     [4/90] Checking Beltrami...
2026-05-15 10:10:10,280 INFO       Beltrami: Found 2 potential sale(s)
2026-05-15 10:10:12,286 INFO     [5/90] Checking Benton...
2026-05-15 10:10:13,136 INFO       Benton: Found 1 potential sale(s)
2026-05-15 10:10:15,143 INFO     [6/90] Checking Big Stone...
2026-05-15 10:10:16,402 INFO       Big Stone: Found 1 potential sale(s)
2026-05-15 10:10:18,413 INFO     [7/90] Checking Blue Earth...
2026-05-15 10:10:48,656 DEBUG    Timeout on https://www.blueearthcountymn.gov/463/Tax-Forfeiture (attempt 1)
2026-05-15 10:11:12,280 INFO       Blue Earth: Found 1 potential sale(s)
2026-05-15 10:11:14,287 INFO     [8/90] Checking Brown...
2026-05-15 10:11:15,036 INFO       Brown: Found 1 potential sale(s)
2026-05-15 10:11:17,043 INFO     [9/90] Checking Carlton...
2026-05-15 10:11:18,436 INFO       Carlton: Found 1 potential sale(s)
2026-05-15 10:11:20,440 INFO     [10/90] Checking Carver...
2026-05-15 10:11:20,721 DEBUG    Connection error on https://www.co.carver.mn.us/departments/property-finance/property-tax/tax-forfeiture-sale (attempt 1)
2026-05-15 10:11:22,827 DEBUG    Connection error on https://www.co.carver.mn.us/departments/property-finance/property-tax/tax-forfeiture-sale (attempt 2)
2026-05-15 10:11:26,934 DEBUG    Connection error on https://www.co.carver.mn.us/departments/property-finance/property-tax/tax-forfeiture-sale (attempt 3)
2026-05-15 10:11:26,935 WARNING    Carver: connection_error: ('Connection aborted.', ConnectionResetError(54, 'Connection reset by peer'))
2026-05-15 10:11:28,939 INFO     [11/90] Checking Cass...
2026-05-15 10:11:29,388 INFO       Cass: Found 1 potential sale(s)
2026-05-15 10:11:31,392 INFO     [12/90] Checking Chippewa...
2026-05-15 10:11:33,372 INFO       Chippewa: Found 1 potential sale(s)
2026-05-15 10:11:35,378 INFO     [13/90] Checking Chisago...
2026-05-15 10:11:36,347 INFO       Chisago: Found 1 potential sale(s)
2026-05-15 10:11:38,353 INFO     [14/90] Checking Clay...
2026-05-15 10:11:52,989 INFO       Clay: Found 1 potential sale(s)
2026-05-15 10:11:54,996 INFO     [15/90] Checking Clearwater...
2026-05-15 10:11:55,864 INFO       Clearwater: Found 1 potential sale(s)
2026-05-15 10:11:57,868 INFO     [16/90] Checking Cook...
2026-05-15 10:11:58,907 INFO       Cook: Found 1 potential sale(s)
2026-05-15 10:12:00,910 INFO     [17/90] Checking Cottonwood...
2026-05-15 10:12:01,377 WARNING    Cottonwood: http_404
2026-05-15 10:12:03,381 INFO     [18/90] Checking Crow Wing...
2026-05-15 10:12:04,594 INFO       Crow Wing: Found 1 potential sale(s)
2026-05-15 10:12:06,599 INFO     [19/90] Checking Dakota...
2026-05-15 10:12:07,378 INFO       Dakota: Found 1 potential sale(s)
2026-05-15 10:12:09,384 INFO     [20/90] Checking Dodge...
2026-05-15 10:12:09,927 INFO       Dodge: Found 1 potential sale(s)
2026-05-15 10:12:11,932 INFO     [21/90] Checking Douglas...
2026-05-15 10:12:12,126 DEBUG    Connection error on https://www.co.douglas.mn.us/tax-forfeited-land (attempt 1)
2026-05-15 10:12:14,135 DEBUG    Connection error on https://www.co.douglas.mn.us/tax-forfeited-land (attempt 2)
2026-05-15 10:12:18,144 DEBUG    Connection error on https://www.co.douglas.mn.us/tax-forfeited-land (attempt 3)
2026-05-15 10:12:18,146 WARNING    Douglas: connection_error: HTTPSConnectionPool(host='www.co.douglas.mn.us', port=443): Max retries exceeded with url: /tax-forfeited-land (Caused by NameResolutionError("HTTPSConnection(host='www.co.douglas.mn.us', port=443): Failed to resolve 'www.co.douglas.mn.us' ([Errno 8] nodename nor servname provided, or not known)"))
2026-05-15 10:12:20,151 INFO     [22/90] Checking Faribault...
2026-05-15 10:12:20,394 WARNING    Faribault: http_403
2026-05-15 10:12:22,399 INFO     [23/90] Checking Fillmore...
2026-05-15 10:12:22,813 INFO       Fillmore: Found 1 potential sale(s)
2026-05-15 10:12:24,820 INFO     [24/90] Checking Freeborn...
2026-05-15 10:12:26,662 INFO       Freeborn: Found 1 potential sale(s)
2026-05-15 10:12:28,668 INFO     [25/90] Checking Goodhue...
2026-05-15 10:12:30,019 INFO       Goodhue: Found 1 potential sale(s)
2026-05-15 10:12:32,025 INFO     [26/90] Checking Grant...
2026-05-15 10:12:32,674 INFO       Grant: Found 1 potential sale(s)
2026-05-15 10:12:34,680 INFO     [27/90] Checking Hennepin...
2026-05-15 10:12:35,165 WARNING    Hennepin: http_404
2026-05-15 10:12:37,168 INFO     [28/90] Checking Houston...
2026-05-15 10:12:38,317 INFO       Houston: Found 1 potential sale(s)
2026-05-15 10:12:40,319 INFO     [29/90] Checking Hubbard...
2026-05-15 10:12:41,413 INFO       Hubbard: Found 1 potential sale(s)
2026-05-15 10:12:43,419 INFO     [30/90] Checking Isanti...
2026-05-15 10:12:44,365 INFO       Isanti: Found 4 potential sale(s)
2026-05-15 10:12:46,368 INFO     [31/90] Checking Itasca...
2026-05-15 10:12:47,532 INFO       Itasca: Found 1 potential sale(s)
2026-05-15 10:12:49,537 INFO       Checking secondary URL...
2026-05-15 10:12:50,474 INFO       Itasca: Found 4 potential sale(s)
2026-05-15 10:12:52,481 INFO     [32/90] Checking Jackson...
2026-05-15 10:12:53,667 INFO       Jackson: Found 1 potential sale(s)
2026-05-15 10:12:55,673 INFO     [33/90] Checking Kanabec...
2026-05-15 10:12:56,074 INFO       Kanabec: Found 4 potential sale(s)
2026-05-15 10:12:58,078 INFO     [34/90] Checking Kandiyohi...
2026-05-15 10:12:58,507 INFO       Kandiyohi: Found 1 potential sale(s)
2026-05-15 10:13:00,508 INFO     [35/90] Checking Kittson...
2026-05-15 10:13:00,997 INFO       Kittson: Found 1 potential sale(s)
2026-05-15 10:13:03,003 INFO     [36/90] Checking Koochiching...
2026-05-15 10:13:04,005 INFO       Koochiching: Found 1 potential sale(s)
2026-05-15 10:13:06,011 INFO     [37/90] Checking Lac qui Parle...
2026-05-15 10:13:07,279 INFO       Lac qui Parle: Found 1 potential sale(s)
2026-05-15 10:13:09,285 INFO     [38/90] Checking Lake...
2026-05-15 10:13:09,919 INFO       Lake: Found 1 potential sale(s)
2026-05-15 10:13:11,925 INFO     [39/90] Checking Lake of the Woods...
2026-05-15 10:13:14,571 INFO       Lake of the Woods: Found 1 potential sale(s)
2026-05-15 10:13:16,576 INFO       Checking secondary URL...
2026-05-15 10:13:18,920 INFO       Lake of the Woods: Found 1 potential sale(s)
2026-05-15 10:13:20,926 INFO     [40/90] Checking Le Sueur...
2026-05-15 10:13:21,843 INFO       Le Sueur: Found 1 potential sale(s)
2026-05-15 10:13:23,848 INFO       Checking secondary URL...
2026-05-15 10:13:24,753 INFO       Le Sueur: Found 1 potential sale(s)
2026-05-15 10:13:26,759 INFO     [41/90] Checking Lincoln...
2026-05-15 10:13:27,880 DEBUG      Lincoln: Found 4 PDF links, checking...
2026-05-15 10:13:35,350 INFO       Lincoln: No upcoming sales found
2026-05-15 10:13:37,356 INFO     [42/90] Checking Lyon...
2026-05-15 10:13:37,729 WARNING    Lyon: http_403
2026-05-15 10:13:39,736 INFO     [43/90] Checking Mahnomen...
2026-05-15 10:13:40,670 WARNING    Mahnomen: http_404
2026-05-15 10:13:42,676 INFO     [44/90] Checking Marshall...
2026-05-15 10:13:43,866 DEBUG      Marshall: Found 1 PDF links, checking...
2026-05-15 10:13:45,379 INFO       Marshall: No upcoming sales found
2026-05-15 10:13:47,384 INFO     [45/90] Checking Martin...
2026-05-15 10:13:47,762 INFO       Martin: Found 1 potential sale(s)
2026-05-15 10:13:49,768 INFO     [46/90] Checking McLeod...
2026-05-15 10:13:50,739 INFO       McLeod: Found 1 potential sale(s)
2026-05-15 10:13:52,745 INFO     [47/90] Checking Meeker...
2026-05-15 10:13:59,539 INFO       Meeker: Found 1 potential sale(s)
2026-05-15 10:14:01,545 INFO     [48/90] Checking Mille Lacs...
2026-05-15 10:14:03,716 INFO       Mille Lacs: Found 1 potential sale(s)
2026-05-15 10:14:05,723 INFO     [49/90] Checking Morrison...
2026-05-15 10:14:06,933 INFO       Morrison: Found 1 potential sale(s)
2026-05-15 10:14:08,940 INFO     [50/90] Checking Mower...
2026-05-15 10:14:10,007 INFO       Mower: Found 1 potential sale(s)
2026-05-15 10:14:12,013 INFO     [51/90] Checking Murray...
2026-05-15 10:14:12,286 WARNING    Murray: http_404
2026-05-15 10:14:14,292 INFO     [52/90] Checking Nicollet...
2026-05-15 10:14:22,682 INFO       Nicollet: Found 1 potential sale(s)
2026-05-15 10:14:24,688 INFO     [53/90] Checking Nobles...
2026-05-15 10:14:26,418 INFO       Nobles: Found 1 potential sale(s)
2026-05-15 10:14:28,425 INFO     [54/90] Checking Norman...
2026-05-15 10:14:29,392 INFO       Norman: Found 1 potential sale(s)
2026-05-15 10:14:31,398 INFO     [55/90] Checking Olmsted...
2026-05-15 10:14:31,726 INFO       Olmsted: Found 1 potential sale(s)
2026-05-15 10:14:33,732 INFO     [56/90] Checking Otter Tail...
2026-05-15 10:14:34,980 INFO       Otter Tail: Found 1 potential sale(s)
2026-05-15 10:14:36,985 INFO     [57/90] Checking Pennington...
2026-05-15 10:14:37,620 INFO       Pennington: Found 1 potential sale(s)
2026-05-15 10:14:39,626 INFO     [58/90] Checking Pine...
2026-05-15 10:14:40,334 INFO       Pine: Found 1 potential sale(s)
2026-05-15 10:14:42,340 INFO     [59/90] Checking Pipestone...
2026-05-15 10:14:42,921 DEBUG      Pipestone: Found 3 PDF links, checking...
2026-05-15 10:14:47,227 INFO       Pipestone: No upcoming sales found
2026-05-15 10:14:49,233 INFO     [60/90] Checking Polk...
2026-05-15 10:14:50,569 INFO       Polk: Found 1 potential sale(s)
2026-05-15 10:14:52,575 INFO       Checking secondary URL...
2026-05-15 10:14:53,580 INFO       Polk: Found 1 potential sale(s)
2026-05-15 10:14:55,586 INFO     [61/90] Checking Pope...
2026-05-15 10:14:56,059 INFO       Pope: Found 1 potential sale(s)
2026-05-15 10:14:58,065 INFO     [62/90] Checking Ramsey...
2026-05-15 10:14:58,624 WARNING    Ramsey: http_404
2026-05-15 10:15:00,625 INFO       Checking secondary URL...
2026-05-15 10:15:01,137 INFO       Ramsey: Found 1 potential sale(s)
2026-05-15 10:15:03,144 INFO     [63/90] Checking Red Lake...
2026-05-15 10:15:03,948 INFO       Red Lake: Page too short, flagged for manual review
2026-05-15 10:15:05,954 INFO     [64/90] Checking Redwood...
2026-05-15 10:15:06,784 INFO       Redwood: Found 2 potential sale(s)
2026-05-15 10:15:08,790 INFO     [65/90] Checking Renville...
2026-05-15 10:15:09,883 WARNING    Renville: http_404
2026-05-15 10:15:11,889 INFO     [66/90] Checking Rice...
2026-05-15 10:15:12,489 INFO       Rice: No upcoming sales found
2026-05-15 10:15:14,495 INFO     [67/90] Checking Rock...
2026-05-15 10:15:15,095 DEBUG      Rock: Found 5 PDF links, checking...
2026-05-15 10:15:26,930 INFO       Rock: No upcoming sales found
2026-05-15 10:15:28,940 INFO     [68/90] Checking Roseau...
2026-05-15 10:15:30,595 INFO       Roseau: No upcoming sales found
2026-05-15 10:15:32,601 INFO     [69/90] Checking Saint Louis...
2026-05-15 10:16:31,529 INFO       Saint Louis: Found 1 potential sale(s)
2026-05-15 10:16:33,537 INFO     [70/90] Checking Scott...
2026-05-15 10:16:33,808 WARNING    Scott: http_404
2026-05-15 10:16:35,811 INFO       Checking secondary URL...
2026-05-15 10:16:36,307 INFO       Scott: Found 1 potential sale(s)
2026-05-15 10:16:38,312 INFO     [71/90] Checking Sherburne...
2026-05-15 10:16:38,853 INFO       Sherburne: Found 1 potential sale(s)
2026-05-15 10:16:40,858 INFO     [72/90] Checking Sibley...
2026-05-15 10:16:41,915 WARNING    Sibley: http_404
2026-05-15 10:16:43,920 INFO       Checking secondary URL...
2026-05-15 10:16:44,432 INFO       Sibley: Found 1 potential sale(s)
2026-05-15 10:16:46,436 INFO     [73/90] Checking Stearns...
2026-05-15 10:16:47,326 INFO       Stearns: Found 1 potential sale(s)
2026-05-15 10:16:49,332 INFO     [74/90] Checking Steele...
2026-05-15 10:16:49,986 INFO       Steele: Found 1 potential sale(s)
2026-05-15 10:16:51,992 INFO     [75/90] Checking Stevens...
2026-05-15 10:16:53,583 INFO       Stevens: Found 1 potential sale(s)
2026-05-15 10:16:55,587 INFO     [76/90] Checking Swift...
2026-05-15 10:16:57,875 WARNING    Swift: http_404
2026-05-15 10:16:59,877 INFO     [77/90] Checking Todd...
2026-05-15 10:17:30,010 DEBUG    Timeout on https://www.co.todd.mn.us/divisions/property-records/auditor-treasurer/#1536095103838-5b7732a8-e005 (attempt 1)
2026-05-15 10:18:02,021 DEBUG    Timeout on https://www.co.todd.mn.us/divisions/property-records/auditor-treasurer/#1536095103838-5b7732a8-e005 (attempt 2)
2026-05-15 10:18:36,034 DEBUG    Timeout on https://www.co.todd.mn.us/divisions/property-records/auditor-treasurer/#1536095103838-5b7732a8-e005 (attempt 3)
2026-05-15 10:18:36,035 WARNING    Todd: timeout
2026-05-15 10:18:38,039 INFO     [78/90] Checking Traverse...
2026-05-15 10:18:38,821 DEBUG      Traverse: Found 1 PDF links, checking...
2026-05-15 10:18:40,486 INFO       Traverse: No upcoming sales found
2026-05-15 10:18:42,490 INFO     [79/90] Checking Wabasha...
2026-05-15 10:18:42,849 INFO       Wabasha: Found 1 potential sale(s)
2026-05-15 10:18:44,850 INFO     [80/90] Checking Wadena...
2026-05-15 10:18:45,595 INFO       Wadena: Found 1 potential sale(s)
2026-05-15 10:18:47,601 INFO     [81/90] Checking Waseca...
2026-05-15 10:19:24,484 DEBUG    Timeout on https://www.wasecacounty.gov/103/Assessors-Office (attempt 1)
2026-05-15 10:19:39,396 INFO       Waseca: Found 1 potential sale(s)
2026-05-15 10:19:41,400 INFO     [82/90] Checking Washington...
2026-05-15 10:20:12,304 DEBUG    Timeout on https://www.co.washington.mn.us/1446/Sale-Information (attempt 1)
2026-05-15 10:20:44,481 DEBUG    Timeout on https://www.co.washington.mn.us/1446/Sale-Information (attempt 2)
2026-05-15 10:20:53,787 WARNING    Washington: http_404
2026-05-15 10:20:55,795 INFO     [83/90] Checking Watonwan...
2026-05-15 10:20:56,979 INFO       Watonwan: Found 1 potential sale(s)
2026-05-15 10:20:58,985 INFO     [84/90] Checking Wilkin...
2026-05-15 10:20:59,995 INFO       Wilkin: Found 1 potential sale(s)
2026-05-15 10:21:02,000 INFO     [85/90] Checking Winona...
2026-05-15 10:21:03,178 INFO       Winona: Found 1 potential sale(s)
2026-05-15 10:21:05,183 INFO     [86/90] Checking Wright...
2026-05-15 10:21:07,013 INFO       Wright: Found 1 potential sale(s)
2026-05-15 10:21:09,019 INFO     [87/90] Checking Yellow Medicine...
2026-05-15 10:21:09,557 INFO       Yellow Medicine: Found 1 potential sale(s)
2026-05-15 10:21:11,562 INFO     [88/90] Checking DNR...
2026-05-15 10:21:11,854 INFO       DNR: Found 1 potential sale(s)
2026-05-15 10:21:13,859 INFO     [89/90] Checking MN DOT...
2026-05-15 10:21:14,227 INFO       MN DOT: Found 1 potential sale(s)
2026-05-15 10:21:16,233 INFO     [90/90] Checking Wisconsin...
2026-05-15 10:21:21,450 INFO       Wisconsin: No upcoming sales found
2026-05-15 10:21:23,456 INFO     ============================================================
2026-05-15 10:21:23,456 INFO     Checking complete in 11.4 minutes
2026-05-15 10:21:23,458 INFO     Found 82 unique sales (from 84 raw matches)
2026-05-15 10:21:23,468 INFO     Updated sources CSV with check dates
2026-05-15 10:21:23,470 INFO     Markdown report written to /Users/hunterpogatchnik/Property Tax Sales/reports/weekly_report_2026-05-15.md
2026-05-15 10:21:23,472 INFO     CSV report written to /Users/hunterpogatchnik/Property Tax Sales/reports/weekly_report_2026-05-15.csv
2026-05-15 10:21:23,473 INFO     Check log written to /Users/hunterpogatchnik/Property Tax Sales/logs/check_log_2026-05-15.csv
2026-05-15 10:21:23,473 INFO     ============================================================
2026-05-15 10:21:23,473 INFO     SUMMARY
2026-05-15 10:21:23,473 INFO       Total sources checked: 98
2026-05-15 10:21:23,473 INFO       Unique sales found: 82
2026-05-15 10:21:23,473 INFO       error_connection_error: 2
2026-05-15 10:21:23,474 INFO       error_http_403: 2
2026-05-15 10:21:23,474 INFO       error_http_404: 11
2026-05-15 10:21:23,474 INFO       error_timeout: 1
2026-05-15 10:21:23,474 INFO       needs_manual_review: 1
2026-05-15 10:21:23,474 INFO       no_sale_found: 8
2026-05-15 10:21:23,474 INFO       sale_found: 73
2026-05-15 10:21:23,474 INFO       Elapsed time: 11.4 minutes
2026-05-15 10:21:23,474 INFO     ============================================================
