2026-06-08 19:37:21,954 INFO     ============================================================
2026-06-08 19:37:21,954 INFO     Minnesota Tax-Forfeited Land Sale Checker
2026-06-08 19:37:21,955 INFO     Run date: 2026-06-08
2026-06-08 19:37:21,955 INFO     ============================================================
2026-06-08 19:37:21,957 INFO     Loaded 90 sources from CSV
2026-06-08 19:37:21,958 INFO     [1/90] Checking Aitkin...
2026-06-08 19:37:22,303 WARNING    Aitkin: http_404
2026-06-08 19:37:24,304 INFO       Checking secondary URL...
2026-06-08 19:37:24,523 INFO       Aitkin: Found 1 potential sale(s)
2026-06-08 19:37:26,524 INFO     [2/90] Checking Anoka...
2026-06-08 19:37:27,845 INFO       Anoka: Found 1 potential sale(s)
2026-06-08 19:37:29,845 INFO     [3/90] Checking Becker...
2026-06-08 19:37:30,849 INFO       Becker: Found 1 potential sale(s)
2026-06-08 19:37:32,850 INFO     [4/90] Checking Beltrami...
2026-06-08 19:37:33,108 INFO       Beltrami: Found 1 potential sale(s)
2026-06-08 19:37:35,108 INFO     [5/90] Checking Benton...
2026-06-08 19:37:35,957 INFO       Benton: Found 1 potential sale(s)
2026-06-08 19:37:37,957 INFO     [6/90] Checking Big Stone...
2026-06-08 19:37:39,487 INFO       Big Stone: Found 1 potential sale(s)
2026-06-08 19:37:41,488 INFO     [7/90] Checking Blue Earth...
2026-06-08 19:37:41,913 INFO       Blue Earth: Found 1 potential sale(s)
2026-06-08 19:37:43,914 INFO     [8/90] Checking Brown...
2026-06-08 19:37:44,751 INFO       Brown: Found 2 potential sale(s)
2026-06-08 19:37:46,751 INFO     [9/90] Checking Carlton...
2026-06-08 19:37:48,030 INFO       Carlton: Found 1 potential sale(s)
2026-06-08 19:37:50,031 INFO     [10/90] Checking Carver...
2026-06-08 19:37:50,261 DEBUG    Connection error on https://www.co.carver.mn.us/departments/property-finance/property-tax/tax-forfeiture-sale (attempt 1)
2026-06-08 19:37:52,326 DEBUG    Connection error on https://www.co.carver.mn.us/departments/property-finance/property-tax/tax-forfeiture-sale (attempt 2)
2026-06-08 19:37:56,403 DEBUG    Connection error on https://www.co.carver.mn.us/departments/property-finance/property-tax/tax-forfeiture-sale (attempt 3)
2026-06-08 19:37:56,403 WARNING    Carver: connection_error: ('Connection aborted.', ConnectionResetError(104, 'Connection reset by peer'))
2026-06-08 19:37:58,404 INFO     [11/90] Checking Cass...
2026-06-08 19:37:58,871 INFO       Cass: Found 1 potential sale(s)
2026-06-08 19:38:00,872 INFO     [12/90] Checking Chippewa...
2026-06-08 19:38:01,762 INFO       Chippewa: Found 1 potential sale(s)
2026-06-08 19:38:03,763 INFO     [13/90] Checking Chisago...
2026-06-08 19:38:04,385 INFO       Chisago: Found 1 potential sale(s)
2026-06-08 19:38:06,386 INFO     [14/90] Checking Clay...
2026-06-08 19:38:07,031 INFO       Clay: Found 1 potential sale(s)
2026-06-08 19:38:09,032 INFO     [15/90] Checking Clearwater...
2026-06-08 19:38:09,287 INFO       Clearwater: Found 1 potential sale(s)
2026-06-08 19:38:11,287 INFO     [16/90] Checking Cook...
2026-06-08 19:38:12,047 INFO       Cook: Found 1 potential sale(s)
2026-06-08 19:38:14,047 INFO     [17/90] Checking Cottonwood...
2026-06-08 19:38:14,908 WARNING    Cottonwood: http_404
2026-06-08 19:38:16,909 INFO     [18/90] Checking Crow Wing...
2026-06-08 19:38:17,849 INFO       Crow Wing: Found 1 potential sale(s)
2026-06-08 19:38:19,849 INFO     [19/90] Checking Dakota...
2026-06-08 19:38:21,301 INFO       Dakota: Found 1 potential sale(s)
2026-06-08 19:38:23,302 INFO     [20/90] Checking Dodge...
2026-06-08 19:38:23,578 INFO       Dodge: Found 1 potential sale(s)
2026-06-08 19:38:25,578 INFO     [21/90] Checking Douglas...
2026-06-08 19:38:25,644 DEBUG    Connection error on https://www.co.douglas.mn.us/tax-forfeited-land (attempt 1)
2026-06-08 19:38:27,689 DEBUG    Connection error on https://www.co.douglas.mn.us/tax-forfeited-land (attempt 2)
2026-06-08 19:38:31,742 DEBUG    Connection error on https://www.co.douglas.mn.us/tax-forfeited-land (attempt 3)
2026-06-08 19:38:31,743 WARNING    Douglas: connection_error: HTTPSConnectionPool(host='www.co.douglas.mn.us', port=443): Max retries exceeded with url: /tax-forfeited-land (Caused by NameResolutionError("HTTPSConnection(host='www.co.douglas.mn.us', port=443): Failed to resolve 'www.co.douglas.mn.us' ([Errno -2] Name or service not known)"))
2026-06-08 19:38:33,743 INFO     [22/90] Checking Faribault...
2026-06-08 19:39:03,821 DEBUG    Timeout on https://www.co.faribault.mn.us/auditor-treasurer/pages/tax-forfeiture-land-sale-information (attempt 1)
2026-06-08 19:39:35,907 DEBUG    Timeout on https://www.co.faribault.mn.us/auditor-treasurer/pages/tax-forfeiture-land-sale-information (attempt 2)
2026-06-08 19:40:09,976 DEBUG    Timeout on https://www.co.faribault.mn.us/auditor-treasurer/pages/tax-forfeiture-land-sale-information (attempt 3)
2026-06-08 19:40:09,976 WARNING    Faribault: timeout
2026-06-08 19:40:11,976 INFO     [23/90] Checking Fillmore...
2026-06-08 19:40:12,369 INFO       Fillmore: Found 1 potential sale(s)
2026-06-08 19:40:14,369 INFO     [24/90] Checking Freeborn...
2026-06-08 19:40:14,953 INFO       Freeborn: Found 1 potential sale(s)
2026-06-08 19:40:16,954 INFO     [25/90] Checking Goodhue...
2026-06-08 19:40:17,706 INFO       Goodhue: Found 1 potential sale(s)
2026-06-08 19:40:19,707 INFO     [26/90] Checking Grant...
2026-06-08 19:40:20,214 INFO       Grant: Found 1 potential sale(s)
2026-06-08 19:40:22,215 INFO     [27/90] Checking Hennepin...
2026-06-08 19:40:26,811 WARNING    Hennepin: http_404
2026-06-08 19:40:28,811 INFO     [28/90] Checking Houston...
2026-06-08 19:40:29,742 INFO       Houston: Found 1 potential sale(s)
2026-06-08 19:40:31,743 INFO     [29/90] Checking Hubbard...
2026-06-08 19:40:32,323 INFO       Hubbard: Found 1 potential sale(s)
2026-06-08 19:40:34,324 INFO     [30/90] Checking Isanti...
2026-06-08 19:41:04,395 DEBUG    Timeout on https://www.co.isanti.mn.us/228/Tax-Forfeited-Property (attempt 1)
2026-06-08 19:41:36,470 DEBUG    Timeout on https://www.co.isanti.mn.us/228/Tax-Forfeited-Property (attempt 2)
2026-06-08 19:42:10,543 DEBUG    Timeout on https://www.co.isanti.mn.us/228/Tax-Forfeited-Property (attempt 3)
2026-06-08 19:42:10,543 WARNING    Isanti: timeout
2026-06-08 19:42:12,543 INFO     [31/90] Checking Itasca...
2026-06-08 19:42:13,409 INFO       Itasca: Found 1 potential sale(s)
2026-06-08 19:42:15,410 INFO       Checking secondary URL...
2026-06-08 19:42:16,363 INFO       Itasca: Found 3 potential sale(s)
2026-06-08 19:42:18,364 INFO     [32/90] Checking Jackson...
2026-06-08 19:42:18,919 INFO       Jackson: Found 1 potential sale(s)
2026-06-08 19:42:20,920 INFO     [33/90] Checking Kanabec...
2026-06-08 19:42:21,214 INFO       Kanabec: Found 8 potential sale(s)
2026-06-08 19:42:23,215 INFO     [34/90] Checking Kandiyohi...
2026-06-08 19:42:23,636 INFO       Kandiyohi: Found 1 potential sale(s)
2026-06-08 19:42:25,636 INFO     [35/90] Checking Kittson...
2026-06-08 19:42:26,086 INFO       Kittson: Found 1 potential sale(s)
2026-06-08 19:42:28,086 INFO     [36/90] Checking Koochiching...
2026-06-08 19:42:28,626 INFO       Koochiching: Found 1 potential sale(s)
2026-06-08 19:42:30,626 INFO     [37/90] Checking Lac qui Parle...
2026-06-08 19:42:31,862 INFO       Lac qui Parle: Found 1 potential sale(s)
2026-06-08 19:42:33,863 INFO     [38/90] Checking Lake...
2026-06-08 19:42:34,358 INFO       Lake: Found 1 potential sale(s)
2026-06-08 19:42:36,359 INFO     [39/90] Checking Lake of the Woods...
2026-06-08 19:42:39,444 INFO       Lake of the Woods: Found 1 potential sale(s)
2026-06-08 19:42:41,444 INFO       Checking secondary URL...
2026-06-08 19:42:43,883 INFO       Lake of the Woods: Found 1 potential sale(s)
2026-06-08 19:42:45,884 INFO     [40/90] Checking Le Sueur...
2026-06-08 19:42:46,466 INFO       Le Sueur: Found 1 potential sale(s)
2026-06-08 19:42:48,466 INFO       Checking secondary URL...
2026-06-08 19:42:49,343 INFO       Le Sueur: Found 1 potential sale(s)
2026-06-08 19:42:51,344 INFO     [41/90] Checking Lincoln...
2026-06-08 19:42:52,335 DEBUG      Lincoln: Found 4 PDF links, checking...
2026-06-08 19:42:59,483 INFO       Lincoln: No upcoming sales found
2026-06-08 19:43:01,484 INFO     [42/90] Checking Lyon...
2026-06-08 19:43:01,921 WARNING    Lyon: http_403
2026-06-08 19:43:03,922 INFO     [43/90] Checking Mahnomen...
2026-06-08 19:43:04,533 WARNING    Mahnomen: http_404
2026-06-08 19:43:06,534 INFO     [44/90] Checking Marshall...
2026-06-08 19:43:06,897 DEBUG      Marshall: Found 1 PDF links, checking...
2026-06-08 19:43:08,025 INFO       Marshall: No upcoming sales found
2026-06-08 19:43:10,026 INFO     [45/90] Checking Martin...
2026-06-08 19:43:10,187 INFO       Martin: Found 1 potential sale(s)
2026-06-08 19:43:12,188 INFO     [46/90] Checking McLeod...
2026-06-08 19:43:13,045 INFO       McLeod: Found 1 potential sale(s)
2026-06-08 19:43:15,045 INFO     [47/90] Checking Meeker...
2026-06-08 19:43:16,181 INFO       Meeker: Found 1 potential sale(s)
2026-06-08 19:43:18,182 INFO     [48/90] Checking Mille Lacs...
2026-06-08 19:43:18,648 INFO       Mille Lacs: Found 1 potential sale(s)
2026-06-08 19:43:20,648 INFO     [49/90] Checking Morrison...
2026-06-08 19:43:21,538 INFO       Morrison: Found 1 potential sale(s)
2026-06-08 19:43:23,539 INFO     [50/90] Checking Mower...
2026-06-08 19:43:24,374 INFO       Mower: Found 1 potential sale(s)
2026-06-08 19:43:26,375 INFO     [51/90] Checking Murray...
2026-06-08 19:43:26,542 WARNING    Murray: http_404
2026-06-08 19:43:28,542 INFO     [52/90] Checking Nicollet...
2026-06-08 19:43:29,287 INFO       Nicollet: Found 1 potential sale(s)
2026-06-08 19:43:31,288 INFO     [53/90] Checking Nobles...
2026-06-08 19:43:33,282 INFO       Nobles: Found 1 potential sale(s)
2026-06-08 19:43:35,282 INFO     [54/90] Checking Norman...
2026-06-08 19:43:36,005 INFO       Norman: Found 1 potential sale(s)
2026-06-08 19:43:38,006 INFO     [55/90] Checking Olmsted...
2026-06-08 19:43:38,224 INFO       Olmsted: Found 1 potential sale(s)
2026-06-08 19:43:40,224 INFO     [56/90] Checking Otter Tail...
2026-06-08 19:43:40,335 WARNING    Otter Tail: http_403
2026-06-08 19:43:42,336 INFO     [57/90] Checking Pennington...
2026-06-08 19:43:43,381 INFO       Pennington: Found 1 potential sale(s)
2026-06-08 19:43:45,382 INFO     [58/90] Checking Pine...
2026-06-08 19:43:46,102 INFO       Pine: Found 1 potential sale(s)
2026-06-08 19:43:48,103 INFO     [59/90] Checking Pipestone...
2026-06-08 19:43:48,395 DEBUG      Pipestone: Found 3 PDF links, checking...
2026-06-08 19:43:52,029 INFO       Pipestone: No upcoming sales found
2026-06-08 19:43:54,030 INFO     [60/90] Checking Polk...
2026-06-08 19:43:54,974 INFO       Polk: Found 1 potential sale(s)
2026-06-08 19:43:56,974 INFO       Checking secondary URL...
2026-06-08 19:43:57,911 INFO       Polk: Found 1 potential sale(s)
2026-06-08 19:43:59,912 INFO     [61/90] Checking Pope...
2026-06-08 19:44:00,274 INFO       Pope: Found 1 potential sale(s)
2026-06-08 19:44:02,274 INFO     [62/90] Checking Ramsey...
2026-06-08 19:44:03,127 WARNING    Ramsey: http_404
2026-06-08 19:44:05,128 INFO       Checking secondary URL...
2026-06-08 19:44:05,331 INFO       Ramsey: Found 1 potential sale(s)
2026-06-08 19:44:07,332 INFO     [63/90] Checking Red Lake...
2026-06-08 19:44:07,528 INFO       Red Lake: Page too short, flagged for manual review
2026-06-08 19:44:09,529 INFO     [64/90] Checking Redwood...
2026-06-08 19:44:10,231 INFO       Redwood: Found 1 potential sale(s)
2026-06-08 19:44:12,232 INFO     [65/90] Checking Renville...
2026-06-08 19:44:12,679 WARNING    Renville: http_404
2026-06-08 19:44:14,679 INFO     [66/90] Checking Rice...
2026-06-08 19:44:15,303 INFO       Rice: No upcoming sales found
2026-06-08 19:44:17,304 INFO     [67/90] Checking Rock...
2026-06-08 19:44:17,584 DEBUG      Rock: Found 5 PDF links, checking...
2026-06-08 19:44:26,611 INFO       Rock: No upcoming sales found
2026-06-08 19:44:28,612 INFO     [68/90] Checking Roseau...
2026-06-08 19:44:29,745 INFO       Roseau: Found 1 potential sale(s)
2026-06-08 19:44:31,745 INFO     [69/90] Checking Saint Louis...
2026-06-08 19:44:32,850 INFO       Saint Louis: Found 1 potential sale(s)
2026-06-08 19:44:34,851 INFO     [70/90] Checking Scott...
2026-06-08 19:44:35,374 WARNING    Scott: http_404
2026-06-08 19:44:37,375 INFO       Checking secondary URL...
2026-06-08 19:44:37,824 INFO       Scott: Found 1 potential sale(s)
2026-06-08 19:44:39,825 INFO     [71/90] Checking Sherburne...
2026-06-08 19:44:40,338 INFO       Sherburne: Found 1 potential sale(s)
2026-06-08 19:44:42,339 INFO     [72/90] Checking Sibley...
2026-06-08 19:44:43,001 WARNING    Sibley: http_404
2026-06-08 19:44:45,001 INFO       Checking secondary URL...
2026-06-08 19:44:45,666 INFO       Sibley: Found 1 potential sale(s)
2026-06-08 19:44:47,667 INFO     [73/90] Checking Stearns...
2026-06-08 19:44:48,440 INFO       Stearns: Found 1 potential sale(s)
2026-06-08 19:44:50,441 INFO     [74/90] Checking Steele...
2026-06-08 19:44:50,716 INFO       Steele: Found 1 potential sale(s)
2026-06-08 19:44:52,717 INFO     [75/90] Checking Stevens...
2026-06-08 19:44:53,473 INFO       Stevens: Found 1 potential sale(s)
2026-06-08 19:44:55,474 INFO     [76/90] Checking Swift...
2026-06-08 19:44:56,081 WARNING    Swift: http_404
2026-06-08 19:44:58,082 INFO     [77/90] Checking Todd...
2026-06-08 19:45:28,155 DEBUG    Timeout on https://www.co.todd.mn.us/divisions/property-records/auditor-treasurer/#1536095103838-5b7732a8-e005 (attempt 1)
2026-06-08 19:46:00,227 DEBUG    Timeout on https://www.co.todd.mn.us/divisions/property-records/auditor-treasurer/#1536095103838-5b7732a8-e005 (attempt 2)
2026-06-08 19:46:34,305 DEBUG    Timeout on https://www.co.todd.mn.us/divisions/property-records/auditor-treasurer/#1536095103838-5b7732a8-e005 (attempt 3)
2026-06-08 19:46:34,305 WARNING    Todd: timeout
2026-06-08 19:46:36,305 INFO     [78/90] Checking Traverse...
2026-06-08 19:46:36,898 DEBUG      Traverse: Found 1 PDF links, checking...
2026-06-08 19:46:38,194 INFO       Traverse: No upcoming sales found
2026-06-08 19:46:40,194 INFO     [79/90] Checking Wabasha...
2026-06-08 19:46:40,315 INFO       Wabasha: Found 1 potential sale(s)
2026-06-08 19:46:42,316 INFO     [80/90] Checking Wadena...
2026-06-08 19:46:42,997 INFO       Wadena: Found 1 potential sale(s)
2026-06-08 19:46:44,997 INFO     [81/90] Checking Waseca...
2026-06-08 19:46:45,655 INFO       Waseca: Found 1 potential sale(s)
2026-06-08 19:46:47,656 INFO     [82/90] Checking Washington...
2026-06-08 19:46:50,275 WARNING    Washington: http_404
2026-06-08 19:46:52,276 INFO     [83/90] Checking Watonwan...
2026-06-08 19:46:52,989 INFO       Watonwan: Found 1 potential sale(s)
2026-06-08 19:46:54,989 INFO     [84/90] Checking Wilkin...
2026-06-08 19:46:55,585 INFO       Wilkin: Found 1 potential sale(s)
2026-06-08 19:46:57,586 INFO     [85/90] Checking Winona...
2026-06-08 19:46:58,562 INFO       Winona: Found 1 potential sale(s)
2026-06-08 19:47:00,562 INFO     [86/90] Checking Wright...
2026-06-08 19:47:03,129 INFO       Wright: Found 1 potential sale(s)
2026-06-08 19:47:05,129 INFO     [87/90] Checking Yellow Medicine...
2026-06-08 19:47:05,463 INFO       Yellow Medicine: Found 1 potential sale(s)
2026-06-08 19:47:07,463 INFO     [88/90] Checking DNR...
2026-06-08 19:47:08,451 INFO       DNR: Found 1 potential sale(s)
2026-06-08 19:47:10,452 INFO     [89/90] Checking MN DOT...
2026-06-08 19:47:10,909 INFO       MN DOT: Found 2 potential sale(s)
2026-06-08 19:47:12,909 INFO     [90/90] Checking Wisconsin...
2026-06-08 19:47:15,293 INFO       Wisconsin: No upcoming sales found
2026-06-08 19:47:17,293 INFO     ============================================================
2026-06-08 19:47:17,293 INFO     Checking complete in 9.9 minutes
2026-06-08 19:47:17,293 INFO     Found 81 unique sales (from 83 raw matches)
2026-06-08 19:47:17,295 INFO     Updated sources CSV with check dates
2026-06-08 19:47:17,296 INFO     Markdown report written to /home/runner/work/mn-tax-forfeiture-tracker/mn-tax-forfeiture-tracker/reports/weekly_report_2026-06-08.md
2026-06-08 19:47:17,297 INFO     CSV report written to /home/runner/work/mn-tax-forfeiture-tracker/mn-tax-forfeiture-tracker/reports/weekly_report_2026-06-08.csv
2026-06-08 19:47:17,298 INFO     Check log written to /home/runner/work/mn-tax-forfeiture-tracker/mn-tax-forfeiture-tracker/logs/check_log_2026-06-08.csv
2026-06-08 19:47:17,298 INFO     ============================================================
2026-06-08 19:47:17,298 INFO     SUMMARY
2026-06-08 19:47:17,298 INFO       Total sources checked: 98
2026-06-08 19:47:17,298 INFO       Unique sales found: 81
2026-06-08 19:47:17,298 INFO       error_connection_error: 2
2026-06-08 19:47:17,298 INFO       error_http_403: 2
2026-06-08 19:47:17,298 INFO       error_http_404: 11
2026-06-08 19:47:17,298 INFO       error_timeout: 3
2026-06-08 19:47:17,298 INFO       needs_manual_review: 1
2026-06-08 19:47:17,298 INFO       no_sale_found: 7
2026-06-08 19:47:17,298 INFO       sale_found: 72
2026-06-08 19:47:17,298 INFO       Elapsed time: 9.9 minutes
2026-06-08 19:47:17,298 INFO     ============================================================
