2026-06-01 22:18:22,521 INFO     ============================================================
2026-06-01 22:18:22,521 INFO     Minnesota Tax-Forfeited Land Sale Checker
2026-06-01 22:18:22,521 INFO     Run date: 2026-06-01
2026-06-01 22:18:22,521 INFO     ============================================================
2026-06-01 22:18:22,524 INFO     Loaded 90 sources from CSV
2026-06-01 22:18:22,524 INFO     [1/90] Checking Aitkin...
2026-06-01 22:18:22,878 WARNING    Aitkin: http_404
2026-06-01 22:18:24,878 INFO       Checking secondary URL...
2026-06-01 22:18:25,091 INFO       Aitkin: Found 1 potential sale(s)
2026-06-01 22:18:27,091 INFO     [2/90] Checking Anoka...
2026-06-01 22:18:27,898 INFO       Anoka: Found 1 potential sale(s)
2026-06-01 22:18:29,899 INFO     [3/90] Checking Becker...
2026-06-01 22:18:30,606 INFO       Becker: Found 1 potential sale(s)
2026-06-01 22:18:32,606 INFO     [4/90] Checking Beltrami...
2026-06-01 22:18:32,883 INFO       Beltrami: Found 1 potential sale(s)
2026-06-01 22:18:34,883 INFO     [5/90] Checking Benton...
2026-06-01 22:18:36,373 INFO       Benton: Found 1 potential sale(s)
2026-06-01 22:18:38,374 INFO     [6/90] Checking Big Stone...
2026-06-01 22:18:40,084 INFO       Big Stone: Found 1 potential sale(s)
2026-06-01 22:18:42,085 INFO     [7/90] Checking Blue Earth...
2026-06-01 22:18:42,572 INFO       Blue Earth: Found 1 potential sale(s)
2026-06-01 22:18:44,573 INFO     [8/90] Checking Brown...
2026-06-01 22:18:45,016 INFO       Brown: Found 2 potential sale(s)
2026-06-01 22:18:47,016 INFO     [9/90] Checking Carlton...
2026-06-01 22:18:48,031 INFO       Carlton: Found 1 potential sale(s)
2026-06-01 22:18:50,031 INFO     [10/90] Checking Carver...
2026-06-01 22:18:50,289 DEBUG    Connection error on https://www.co.carver.mn.us/departments/property-finance/property-tax/tax-forfeiture-sale (attempt 1)
2026-06-01 22:18:52,431 DEBUG    Connection error on https://www.co.carver.mn.us/departments/property-finance/property-tax/tax-forfeiture-sale (attempt 2)
2026-06-01 22:18:56,533 DEBUG    Connection error on https://www.co.carver.mn.us/departments/property-finance/property-tax/tax-forfeiture-sale (attempt 3)
2026-06-01 22:18:56,533 WARNING    Carver: connection_error: ('Connection aborted.', ConnectionResetError(104, 'Connection reset by peer'))
2026-06-01 22:18:58,534 INFO     [11/90] Checking Cass...
2026-06-01 22:18:59,048 INFO       Cass: Found 1 potential sale(s)
2026-06-01 22:19:01,049 INFO     [12/90] Checking Chippewa...
2026-06-01 22:19:01,870 INFO       Chippewa: Found 1 potential sale(s)
2026-06-01 22:19:03,871 INFO     [13/90] Checking Chisago...
2026-06-01 22:19:04,393 INFO       Chisago: Found 1 potential sale(s)
2026-06-01 22:19:06,393 INFO     [14/90] Checking Clay...
2026-06-01 22:19:07,008 INFO       Clay: Found 1 potential sale(s)
2026-06-01 22:19:09,009 INFO     [15/90] Checking Clearwater...
2026-06-01 22:19:09,416 INFO       Clearwater: Found 1 potential sale(s)
2026-06-01 22:19:11,416 INFO     [16/90] Checking Cook...
2026-06-01 22:19:11,781 WARNING    Cook: http_403
2026-06-01 22:19:13,782 INFO     [17/90] Checking Cottonwood...
2026-06-01 22:19:14,240 WARNING    Cottonwood: http_403
2026-06-01 22:19:16,241 INFO     [18/90] Checking Crow Wing...
2026-06-01 22:19:17,051 INFO       Crow Wing: Found 1 potential sale(s)
2026-06-01 22:19:19,052 INFO     [19/90] Checking Dakota...
2026-06-01 22:19:19,722 INFO       Dakota: Found 1 potential sale(s)
2026-06-01 22:19:21,722 INFO     [20/90] Checking Dodge...
2026-06-01 22:19:21,912 WARNING    Dodge: http_403
2026-06-01 22:19:23,913 INFO     [21/90] Checking Douglas...
2026-06-01 22:19:23,975 DEBUG    Connection error on https://www.co.douglas.mn.us/tax-forfeited-land (attempt 1)
2026-06-01 22:19:26,047 DEBUG    Connection error on https://www.co.douglas.mn.us/tax-forfeited-land (attempt 2)
2026-06-01 22:19:30,108 DEBUG    Connection error on https://www.co.douglas.mn.us/tax-forfeited-land (attempt 3)
2026-06-01 22:19:30,108 WARNING    Douglas: connection_error: HTTPSConnectionPool(host='www.co.douglas.mn.us', port=443): Max retries exceeded with url: /tax-forfeited-land (Caused by NameResolutionError("HTTPSConnection(host='www.co.douglas.mn.us', port=443): Failed to resolve 'www.co.douglas.mn.us' ([Errno -2] Name or service not known)"))
2026-06-01 22:19:32,108 INFO     [22/90] Checking Faribault...
2026-06-01 22:19:32,244 WARNING    Faribault: http_403
2026-06-01 22:19:34,245 INFO     [23/90] Checking Fillmore...
2026-06-01 22:19:34,657 WARNING    Fillmore: http_403
2026-06-01 22:19:36,657 INFO     [24/90] Checking Freeborn...
2026-06-01 22:19:37,599 INFO       Freeborn: Found 1 potential sale(s)
2026-06-01 22:19:39,600 INFO     [25/90] Checking Goodhue...
2026-06-01 22:19:40,412 INFO       Goodhue: Found 1 potential sale(s)
2026-06-01 22:19:42,412 INFO     [26/90] Checking Grant...
2026-06-01 22:19:42,883 INFO       Grant: Found 1 potential sale(s)
2026-06-01 22:19:44,884 INFO     [27/90] Checking Hennepin...
2026-06-01 22:19:49,852 WARNING    Hennepin: http_404
2026-06-01 22:19:51,853 INFO     [28/90] Checking Houston...
2026-06-01 22:19:52,680 INFO       Houston: Found 1 potential sale(s)
2026-06-01 22:19:54,680 INFO     [29/90] Checking Hubbard...
2026-06-01 22:19:55,105 INFO       Hubbard: Found 1 potential sale(s)
2026-06-01 22:19:57,106 INFO     [30/90] Checking Isanti...
2026-06-01 22:19:57,747 INFO       Isanti: Found 3 potential sale(s)
2026-06-01 22:19:59,748 INFO     [31/90] Checking Itasca...
2026-06-01 22:20:00,684 INFO       Itasca: Found 1 potential sale(s)
2026-06-01 22:20:02,684 INFO       Checking secondary URL...
2026-06-01 22:20:03,504 INFO       Itasca: Found 3 potential sale(s)
2026-06-01 22:20:05,505 INFO     [32/90] Checking Jackson...
2026-06-01 22:20:06,028 INFO       Jackson: Found 1 potential sale(s)
2026-06-01 22:20:08,028 INFO     [33/90] Checking Kanabec...
2026-06-01 22:20:08,344 WARNING    Kanabec: http_403
2026-06-01 22:20:10,345 INFO     [34/90] Checking Kandiyohi...
2026-06-01 22:20:10,731 WARNING    Kandiyohi: http_403
2026-06-01 22:20:12,732 INFO     [35/90] Checking Kittson...
2026-06-01 22:20:13,039 WARNING    Kittson: http_403
2026-06-01 22:20:15,039 INFO     [36/90] Checking Koochiching...
2026-06-01 22:20:15,559 INFO       Koochiching: Found 1 potential sale(s)
2026-06-01 22:20:17,560 INFO     [37/90] Checking Lac qui Parle...
2026-06-01 22:20:18,514 INFO       Lac qui Parle: Found 1 potential sale(s)
2026-06-01 22:20:20,515 INFO     [38/90] Checking Lake...
2026-06-01 22:20:20,995 INFO       Lake: Found 1 potential sale(s)
2026-06-01 22:20:22,996 INFO     [39/90] Checking Lake of the Woods...
2026-06-01 22:20:25,427 INFO       Lake of the Woods: Found 1 potential sale(s)
2026-06-01 22:20:27,427 INFO       Checking secondary URL...
2026-06-01 22:20:29,974 INFO       Lake of the Woods: Found 1 potential sale(s)
2026-06-01 22:20:31,975 INFO     [40/90] Checking Le Sueur...
2026-06-01 22:20:32,553 INFO       Le Sueur: Found 1 potential sale(s)
2026-06-01 22:20:34,553 INFO       Checking secondary URL...
2026-06-01 22:20:35,427 INFO       Le Sueur: Found 1 potential sale(s)
2026-06-01 22:20:37,427 INFO     [41/90] Checking Lincoln...
2026-06-01 22:20:37,597 WARNING    Lincoln: http_403
2026-06-01 22:20:39,598 INFO     [42/90] Checking Lyon...
2026-06-01 22:20:43,733 WARNING    Lyon: http_403
2026-06-01 22:20:45,734 INFO     [43/90] Checking Mahnomen...
2026-06-01 22:20:45,985 WARNING    Mahnomen: http_403
2026-06-01 22:20:47,986 INFO     [44/90] Checking Marshall...
2026-06-01 22:20:48,098 WARNING    Marshall: http_403
2026-06-01 22:20:50,099 INFO     [45/90] Checking Martin...
2026-06-01 22:20:51,714 WARNING    Martin: http_403
2026-06-01 22:20:53,715 INFO     [46/90] Checking McLeod...
2026-06-01 22:20:55,529 WARNING    McLeod: http_403
2026-06-01 22:20:57,530 INFO     [47/90] Checking Meeker...
2026-06-01 22:21:00,174 INFO       Meeker: Found 1 potential sale(s)
2026-06-01 22:21:02,175 INFO     [48/90] Checking Mille Lacs...
2026-06-01 22:21:02,635 INFO       Mille Lacs: Found 1 potential sale(s)
2026-06-01 22:21:04,636 INFO     [49/90] Checking Morrison...
2026-06-01 22:21:05,463 INFO       Morrison: Found 1 potential sale(s)
2026-06-01 22:21:07,464 INFO     [50/90] Checking Mower...
2026-06-01 22:21:08,170 INFO       Mower: Found 1 potential sale(s)
2026-06-01 22:21:10,171 INFO     [51/90] Checking Murray...
2026-06-01 22:21:10,386 WARNING    Murray: http_403
2026-06-01 22:21:12,387 INFO     [52/90] Checking Nicollet...
2026-06-01 22:21:13,282 INFO       Nicollet: Found 1 potential sale(s)
2026-06-01 22:21:15,283 INFO     [53/90] Checking Nobles...
2026-06-01 22:21:15,557 INFO       Nobles: Page too short, flagged for manual review
2026-06-01 22:21:17,558 INFO     [54/90] Checking Norman...
2026-06-01 22:21:17,961 WARNING    Norman: http_403
2026-06-01 22:21:19,962 INFO     [55/90] Checking Olmsted...
2026-06-01 22:21:20,306 INFO       Olmsted: Found 1 potential sale(s)
2026-06-01 22:21:22,307 INFO     [56/90] Checking Otter Tail...
2026-06-01 22:21:22,472 WARNING    Otter Tail: http_403
2026-06-01 22:21:24,473 INFO     [57/90] Checking Pennington...
2026-06-01 22:21:24,974 INFO       Pennington: Found 1 potential sale(s)
2026-06-01 22:21:26,975 INFO     [58/90] Checking Pine...
2026-06-01 22:21:27,487 WARNING    Pine: http_403
2026-06-01 22:21:29,488 INFO     [59/90] Checking Pipestone...
2026-06-01 22:21:29,779 WARNING    Pipestone: http_403
2026-06-01 22:21:31,780 INFO     [60/90] Checking Polk...
2026-06-01 22:21:32,817 INFO       Polk: Found 1 potential sale(s)
2026-06-01 22:21:34,818 INFO       Checking secondary URL...
2026-06-01 22:21:35,731 INFO       Polk: Found 1 potential sale(s)
2026-06-01 22:21:37,732 INFO     [61/90] Checking Pope...
2026-06-01 22:21:38,165 INFO       Pope: Found 1 potential sale(s)
2026-06-01 22:21:40,166 INFO     [62/90] Checking Ramsey...
2026-06-01 22:21:40,759 WARNING    Ramsey: http_404
2026-06-01 22:21:42,759 INFO       Checking secondary URL...
2026-06-01 22:21:43,033 INFO       Ramsey: Found 1 potential sale(s)
2026-06-01 22:21:45,034 INFO     [63/90] Checking Red Lake...
2026-06-01 22:21:45,294 INFO       Red Lake: Page too short, flagged for manual review
2026-06-01 22:21:47,294 INFO     [64/90] Checking Redwood...
2026-06-01 22:21:47,853 INFO       Redwood: Found 1 potential sale(s)
2026-06-01 22:21:49,854 INFO     [65/90] Checking Renville...
2026-06-01 22:21:50,635 WARNING    Renville: http_404
2026-06-01 22:21:52,635 INFO     [66/90] Checking Rice...
2026-06-01 22:21:53,044 INFO       Rice: No upcoming sales found
2026-06-01 22:21:55,045 INFO     [67/90] Checking Rock...
2026-06-01 22:21:55,183 WARNING    Rock: http_403
2026-06-01 22:21:57,184 INFO     [68/90] Checking Roseau...
2026-06-01 22:21:58,766 INFO       Roseau: Found 1 potential sale(s)
2026-06-01 22:22:00,766 INFO     [69/90] Checking Saint Louis...
2026-06-01 22:22:01,967 INFO       Saint Louis: Found 1 potential sale(s)
2026-06-01 22:22:03,967 INFO     [70/90] Checking Scott...
2026-06-01 22:22:04,483 WARNING    Scott: http_404
2026-06-01 22:22:06,483 INFO       Checking secondary URL...
2026-06-01 22:22:07,222 INFO       Scott: Found 1 potential sale(s)
2026-06-01 22:22:09,222 INFO     [71/90] Checking Sherburne...
2026-06-01 22:22:09,829 INFO       Sherburne: Found 1 potential sale(s)
2026-06-01 22:22:11,829 INFO     [72/90] Checking Sibley...
2026-06-01 22:22:12,548 WARNING    Sibley: http_404
2026-06-01 22:22:14,549 INFO       Checking secondary URL...
2026-06-01 22:22:15,117 INFO       Sibley: Found 1 potential sale(s)
2026-06-01 22:22:17,118 INFO     [73/90] Checking Stearns...
2026-06-01 22:22:17,932 INFO       Stearns: Found 1 potential sale(s)
2026-06-01 22:22:19,932 INFO     [74/90] Checking Steele...
2026-06-01 22:22:20,199 WARNING    Steele: http_403
2026-06-01 22:22:22,200 INFO     [75/90] Checking Stevens...
2026-06-01 22:22:23,038 INFO       Stevens: Found 1 potential sale(s)
2026-06-01 22:22:25,039 INFO     [76/90] Checking Swift...
2026-06-01 22:22:25,876 WARNING    Swift: http_404
2026-06-01 22:22:27,877 INFO     [77/90] Checking Todd...
2026-06-01 22:22:58,033 DEBUG    Timeout on https://www.co.todd.mn.us/divisions/property-records/auditor-treasurer/#1536095103838-5b7732a8-e005 (attempt 1)
2026-06-01 22:23:30,143 DEBUG    Timeout on https://www.co.todd.mn.us/divisions/property-records/auditor-treasurer/#1536095103838-5b7732a8-e005 (attempt 2)
2026-06-01 22:24:04,219 DEBUG    Timeout on https://www.co.todd.mn.us/divisions/property-records/auditor-treasurer/#1536095103838-5b7732a8-e005 (attempt 3)
2026-06-01 22:24:04,219 WARNING    Todd: timeout
2026-06-01 22:24:06,220 INFO     [78/90] Checking Traverse...
2026-06-01 22:24:06,709 DEBUG      Traverse: Found 1 PDF links, checking...
2026-06-01 22:24:08,005 INFO       Traverse: No upcoming sales found
2026-06-01 22:24:10,005 INFO     [79/90] Checking Wabasha...
2026-06-01 22:24:10,225 WARNING    Wabasha: http_403
2026-06-01 22:24:12,226 INFO     [80/90] Checking Wadena...
2026-06-01 22:24:12,908 INFO       Wadena: Found 1 potential sale(s)
2026-06-01 22:24:14,909 INFO     [81/90] Checking Waseca...
2026-06-01 22:24:15,388 INFO       Waseca: Found 1 potential sale(s)
2026-06-01 22:24:17,389 INFO     [82/90] Checking Washington...
2026-06-01 22:24:17,962 WARNING    Washington: http_404
2026-06-01 22:24:19,963 INFO     [83/90] Checking Watonwan...
2026-06-01 22:24:20,705 INFO       Watonwan: Found 1 potential sale(s)
2026-06-01 22:24:22,705 INFO     [84/90] Checking Wilkin...
2026-06-01 22:24:23,204 INFO       Wilkin: Found 1 potential sale(s)
2026-06-01 22:24:25,205 INFO     [85/90] Checking Winona...
2026-06-01 22:24:26,203 INFO       Winona: Found 1 potential sale(s)
2026-06-01 22:24:28,203 INFO     [86/90] Checking Wright...
2026-06-01 22:24:29,252 INFO       Wright: Found 1 potential sale(s)
2026-06-01 22:24:31,252 INFO     [87/90] Checking Yellow Medicine...
2026-06-01 22:24:31,534 INFO       Yellow Medicine: Found 1 potential sale(s)
2026-06-01 22:24:33,534 INFO     [88/90] Checking DNR...
2026-06-01 22:24:33,718 INFO       DNR: Found 1 potential sale(s)
2026-06-01 22:24:35,719 INFO     [89/90] Checking MN DOT...
2026-06-01 22:24:36,080 INFO       MN DOT: Found 1 potential sale(s)
2026-06-01 22:24:38,081 INFO     [90/90] Checking Wisconsin...
2026-06-01 22:24:41,422 INFO       Wisconsin: No upcoming sales found
2026-06-01 22:24:43,422 INFO     ============================================================
2026-06-01 22:24:43,422 INFO     Checking complete in 6.3 minutes
2026-06-01 22:24:43,423 INFO     Found 63 unique sales (from 65 raw matches)
2026-06-01 22:24:43,426 INFO     Updated sources CSV with check dates
2026-06-01 22:24:43,427 INFO     Markdown report written to /home/runner/work/mn-tax-forfeiture-tracker/mn-tax-forfeiture-tracker/reports/weekly_report_2026-06-01.md
2026-06-01 22:24:43,428 INFO     CSV report written to /home/runner/work/mn-tax-forfeiture-tracker/mn-tax-forfeiture-tracker/reports/weekly_report_2026-06-01.csv
2026-06-01 22:24:43,428 INFO     Check log written to /home/runner/work/mn-tax-forfeiture-tracker/mn-tax-forfeiture-tracker/logs/check_log_2026-06-01.csv
2026-06-01 22:24:43,428 INFO     ============================================================
2026-06-01 22:24:43,429 INFO     SUMMARY
2026-06-01 22:24:43,429 INFO       Total sources checked: 98
2026-06-01 22:24:43,429 INFO       Unique sales found: 63
2026-06-01 22:24:43,429 INFO       error_connection_error: 2
2026-06-01 22:24:43,429 INFO       error_http_403: 22
2026-06-01 22:24:43,429 INFO       error_http_404: 8
2026-06-01 22:24:43,429 INFO       error_timeout: 1
2026-06-01 22:24:43,429 INFO       needs_manual_review: 2
2026-06-01 22:24:43,429 INFO       no_sale_found: 3
2026-06-01 22:24:43,429 INFO       sale_found: 60
2026-06-01 22:24:43,429 INFO       Elapsed time: 6.3 minutes
2026-06-01 22:24:43,429 INFO     ============================================================
